# JRE version: Java(TM) SE Runtime Environment (8.0_25-b18) (build 1.8.0_25-b18)
# Java VM: Java HotSpot(TM) 64-Bit Server VM (25.25-b02 mixed mode windows-amd64 compressed oops)
Heap:
 PSYoungGen      total 34304K, used 15551K [0x00000000f5580000, 0x00000000f7b00000, 0x0000000100000000)
  eden space 31232K, 45% used [0x00000000f5580000,0x00000000f636fca0,0x00000000f7400000)
  from space 3072K, 41% used [0x00000000f7800000,0x00000000f7940000,0x00000000f7b00000)
  to   space 3584K, 0% used [0x00000000f7400000,0x00000000f7400000,0x00000000f7780000)
 ParOldGen       total 85504K, used 38003K [0x00000000e0000000, 0x00000000e5380000, 0x00000000f5580000)
  object space 85504K, 44% used [0x00000000e0000000,0x00000000e251cf10,0x00000000e5380000)
 Metaspace       used 61683K, capacity 66838K, committed 67160K, reserved 1107968K
  class space    used 7595K, capacity 9231K, committed 9304K, reserved 1048576K
GC Heap History (10 events):
Event: 85853.987 GC heap before
{Heap before GC invocations=55 (full 3):
 PSYoungGen      total 35328K, used 34880K [0x00000000f5580000, 0x00000000f7e80000, 0x0000000100000000)
  eden space 33792K, 100% used [0x00000000f5580000,0x00000000f7680000,0x00000000f7680000)
  from space 1536K, 70% used [0x00000000f7700000,0x00000000f7810000,0x00000000f7880000)
  to   space 4096K, 0% used [0x00000000f7a80000,0x00000000f7a80000,0x00000000f7e80000)
 ParOldGen       total 85504K, used 37979K [0x00000000e0000000, 0x00000000e5380000, 0x00000000f5580000)
  object space 85504K, 44% used [0x00000000e0000000,0x00000000e2516f10,0x00000000e5380000)
 Metaspace       used 60515K, capacity 65610K, committed 65752K, reserved 1105920K
  class space    used 7468K, capacity 9100K, committed 9176K, reserved 1048576K
Event: 85853.992 GC heap after
Heap after GC invocations=55 (full 3):
 PSYoungGen      total 36864K, used 1424K [0x00000000f5580000, 0x00000000f7e00000, 0x0000000100000000)
  eden space 33280K, 0% used [0x00000000f5580000,0x00000000f5580000,0x00000000f7600000)
  from space 3584K, 39% used [0x00000000f7a80000,0x00000000f7be4010,0x00000000f7e00000)
  to   space 4096K, 0% used [0x00000000f7600000,0x00000000f7600000,0x00000000f7a00000)
 ParOldGen       total 85504K, used 37987K [0x00000000e0000000, 0x00000000e5380000, 0x00000000f5580000)
  object space 85504K, 44% used [0x00000000e0000000,0x00000000e2518f10,0x00000000e5380000)
 Metaspace       used 60515K, capacity 65610K, committed 65752K, reserved 1105920K
  class space    used 7468K, capacity 9100K, committed 9176K, reserved 1048576K
}
Event: 86613.168 GC heap before
{Heap before GC invocations=56 (full 3):
 PSYoungGen      total 36864K, used 34704K [0x00000000f5580000, 0x00000000f7e00000, 0x0000000100000000)
  eden space 33280K, 100% used [0x00000000f5580000,0x00000000f7600000,0x00000000f7600000)
  from space 3584K, 39% used [0x00000000f7a80000,0x00000000f7be4010,0x00000000f7e00000)
  to   space 4096K, 0% used [0x00000000f7600000,0x00000000f7600000,0x00000000f7a00000)
 ParOldGen       total 85504K, used 37987K [0x00000000e0000000, 0x00000000e5380000, 0x00000000f5580000)
  object space 85504K, 44% used [0x00000000e0000000,0x00000000e2518f10,0x00000000e5380000)
 Metaspace       used 60531K, capacity 65680K, committed 66008K, reserved 1105920K
  class space    used 7469K, capacity 9101K, committed 9176K, reserved 1048576K
Event: 86613.171 GC heap after
Heap after GC invocations=56 (full 3):
 PSYoungGen      total 34304K, used 1056K [0x00000000f5580000, 0x00000000f7c80000, 0x0000000100000000)
  eden space 32768K, 0% used [0x00000000f5580000,0x00000000f5580000,0x00000000f7580000)
  from space 1536K, 68% used [0x00000000f7600000,0x00000000f7708000,0x00000000f7780000)
  to   space 3584K, 0% used [0x00000000f7900000,0x00000000f7900000,0x00000000f7c80000)
 ParOldGen       total 85504K, used 37987K [0x00000000e0000000, 0x00000000e5380000, 0x00000000f5580000)
  object space 85504K, 44% used [0x00000000e0000000,0x00000000e2518f10,0x00000000e5380000)
 Metaspace       used 60531K, capacity 65680K, committed 66008K, reserved 1105920K
  class space    used 7469K, capacity 9101K, committed 9176K, reserved 1048576K
}
Event: 87354.070 GC heap before
{Heap before GC invocations=57 (full 3):
 PSYoungGen      total 34304K, used 33824K [0x00000000f5580000, 0x00000000f7c80000, 0x0000000100000000)
  eden space 32768K, 100% used [0x00000000f5580000,0x00000000f7580000,0x00000000f7580000)
  from space 1536K, 68% used [0x00000000f7600000,0x00000000f7708000,0x00000000f7780000)
  to   space 3584K, 0% used [0x00000000f7900000,0x00000000f7900000,0x00000000f7c80000)
 ParOldGen       total 85504K, used 37987K [0x00000000e0000000, 0x00000000e5380000, 0x00000000f5580000)
  object space 85504K, 44% used [0x00000000e0000000,0x00000000e2518f10,0x00000000e5380000)
 Metaspace       used 60531K, capacity 65680K, committed 66008K, reserved 1105920K
  class space    used 7469K, capacity 9101K, committed 9176K, reserved 1048576K
Event: 87354.074 GC heap after
Heap after GC invocations=57 (full 3):
 PSYoungGen      total 35328K, used 1744K [0x00000000f5580000, 0x00000000f7c00000, 0x0000000100000000)
  eden space 32256K, 0% used [0x00000000f5580000,0x00000000f5580000,0x00000000f7500000)
  from space 3072K, 56% used [0x00000000f7900000,0x00000000f7ab4010,0x00000000f7c00000)
  to   space 3584K, 0% used [0x00000000f7500000,0x00000000f7500000,0x00000000f7880000)
 ParOldGen       total 85504K, used 37995K [0x00000000e0000000, 0x00000000e5380000, 0x00000000f5580000)
  object space 85504K, 44% used [0x00000000e0000000,0x00000000e251af10,0x00000000e5380000)
 Metaspace       used 60531K, capacity 65680K, committed 66008K, reserved 1105920K
  class space    used 7469K, capacity 9101K, committed 9176K, reserved 1048576K
}
Event: 88140.822 GC heap before
{Heap before GC invocations=58 (full 3):
 PSYoungGen      total 35328K, used 34000K [0x00000000f5580000, 0x00000000f7c00000, 0x0000000100000000)
  eden space 32256K, 100% used [0x00000000f5580000,0x00000000f7500000,0x00000000f7500000)
  from space 3072K, 56% used [0x00000000f7900000,0x00000000f7ab4010,0x00000000f7c00000)
  to   space 3584K, 0% used [0x00000000f7500000,0x00000000f7500000,0x00000000f7880000)
 ParOldGen       total 85504K, used 37995K [0x00000000e0000000, 0x00000000e5380000, 0x00000000f5580000)
  object space 85504K, 44% used [0x00000000e0000000,0x00000000e251af10,0x00000000e5380000)
 Metaspace       used 60531K, capacity 65680K, committed 66008K, reserved 1105920K
  class space    used 7469K, capacity 9101K, committed 9176K, reserved 1048576K
Event: 88140.825 GC heap after
Heap after GC invocations=58 (full 3):
 PSYoungGen      total 33280K, used 1120K [0x00000000f5580000, 0x00000000f7b80000, 0x0000000100000000)
  eden space 31744K, 0% used [0x00000000f5580000,0x00000000f5580000,0x00000000f7480000)
  from space 1536K, 72% used [0x00000000f7500000,0x00000000f7618000,0x00000000f7680000)
  to   space 3584K, 0% used [0x00000000f7800000,0x00000000f7800000,0x00000000f7b80000)
 ParOldGen       total 85504K, used 38003K [0x00000000e0000000, 0x00000000e5380000, 0x00000000f5580000)
  object space 85504K, 44% used [0x00000000e0000000,0x00000000e251cf10,0x00000000e5380000)
 Metaspace       used 60531K, capacity 65680K, committed 66008K, reserved 1105920K
  class space    used 7469K, capacity 9101K, committed 9176K, reserved 1048576K
}
Event: 88830.563 GC heap before
{Heap before GC invocations=59 (full 3):
 PSYoungGen      total 33280K, used 32864K [0x00000000f5580000, 0x00000000f7b80000, 0x0000000100000000)
  eden space 31744K, 100% used [0x00000000f5580000,0x00000000f7480000,0x00000000f7480000)
  from space 1536K, 72% used [0x00000000f7500000,0x00000000f7618000,0x00000000f7680000)
  to   space 3584K, 0% used [0x00000000f7800000,0x00000000f7800000,0x00000000f7b80000)
 ParOldGen       total 85504K, used 38003K [0x00000000e0000000, 0x00000000e5380000, 0x00000000f5580000)
  object space 85504K, 44% used [0x00000000e0000000,0x00000000e251cf10,0x00000000e5380000)
 Metaspace       used 61019K, capacity 66066K, committed 66264K, reserved 1105920K
  class space    used 7533K, capacity 9167K, committed 9176K, reserved 1048576K
Event: 88830.567 GC heap after
Heap after GC invocations=59 (full 3):
 PSYoungGen      total 34304K, used 1280K [0x00000000f5580000, 0x00000000f7b00000, 0x0000000100000000)
  eden space 31232K, 0% used [0x00000000f5580000,0x00000000f5580000,0x00000000f7400000)
  from space 3072K, 41% used [0x00000000f7800000,0x00000000f7940000,0x00000000f7b00000)
  to   space 3584K, 0% used [0x00000000f7400000,0x00000000f7400000,0x00000000f7780000)
 ParOldGen       total 85504K, used 38003K [0x00000000e0000000, 0x00000000e5380000, 0x00000000f5580000)
  object space 85504K, 44% used [0x00000000e0000000,0x00000000e251cf10,0x00000000e5380000)
 Metaspace       used 61019K, capacity 66066K, committed 66264K, reserved 1105920K
  class space    used 7533K, capacity 9167K, committed 9176K, reserved 1048576K
}

