# JRE version: Java(TM) SE Runtime Environment (8.0_25-b18) (build 1.8.0_25-b18)
# Java VM: Java HotSpot(TM) 64-Bit Server VM (25.25-b02 mixed mode windows-amd64 compressed oops)
Heap:
 PSYoungGen      total 100864K, used 36335K [0x00000000f5580000, 0x00000000fbc80000, 0x0000000100000000)
  eden space 97280K, 37% used [0x00000000f5580000,0x00000000f78fbff8,0x00000000fb480000)
  from space 3584K, 0% used [0x00000000fb900000,0x00000000fb900000,0x00000000fbc80000)
  to   space 4096K, 0% used [0x00000000fb480000,0x00000000fb480000,0x00000000fb880000)
 ParOldGen       total 75264K, used 19299K [0x00000000e0000000, 0x00000000e4980000, 0x00000000f5580000)
  object space 75264K, 25% used [0x00000000e0000000,0x00000000e12d8c80,0x00000000e4980000)
 Metaspace       used 60440K, capacity 65546K, committed 65880K, reserved 1105920K
  class space    used 7383K, capacity 9009K, committed 9088K, reserved 1048576K
GC Heap History (10 events):
Event: 1841.446 GC heap before
{Heap before GC invocations=73 (full 33):
 PSYoungGen      total 101376K, used 384K [0x00000000f5580000, 0x00000000fbd80000, 0x0000000100000000)
  eden space 97280K, 0% used [0x00000000f5580000,0x00000000f5580000,0x00000000fb480000)
  from space 4096K, 9% used [0x00000000fb980000,0x00000000fb9e0000,0x00000000fbd80000)
  to   space 4608K, 0% used [0x00000000fb480000,0x00000000fb480000,0x00000000fb900000)
 ParOldGen       total 75264K, used 19299K [0x00000000e0000000, 0x00000000e4980000, 0x00000000f5580000)
  object space 75264K, 25% used [0x00000000e0000000,0x00000000e12d8d00,0x00000000e4980000)
 Metaspace       used 59016K, capacity 64280K, committed 64472K, reserved 1105920K
  class space    used 7247K, capacity 8909K, committed 8960K, reserved 1048576K
Event: 1841.526 GC heap after
Heap after GC invocations=73 (full 33):
 PSYoungGen      total 101376K, used 0K [0x00000000f5580000, 0x00000000fbd80000, 0x0000000100000000)
  eden space 97280K, 0% used [0x00000000f5580000,0x00000000f5580000,0x00000000fb480000)
  from space 4096K, 0% used [0x00000000fb980000,0x00000000fb980000,0x00000000fbd80000)
  to   space 4608K, 0% used [0x00000000fb480000,0x00000000fb480000,0x00000000fb900000)
 ParOldGen       total 75264K, used 19412K [0x00000000e0000000, 0x00000000e4980000, 0x00000000f5580000)
  object space 75264K, 25% used [0x00000000e0000000,0x00000000e12f5348,0x00000000e4980000)
 Metaspace       used 59016K, capacity 64280K, committed 64472K, reserved 1105920K
  class space    used 7247K, capacity 8909K, committed 8960K, reserved 1048576K
}
Event: 1901.448 GC heap before
{Heap before GC invocations=74 (full 33):
 PSYoungGen      total 101376K, used 3548K [0x00000000f5580000, 0x00000000fbd80000, 0x0000000100000000)
  eden space 97280K, 3% used [0x00000000f5580000,0x00000000f58f7230,0x00000000fb480000)
  from space 4096K, 0% used [0x00000000fb980000,0x00000000fb980000,0x00000000fbd80000)
  to   space 4608K, 0% used [0x00000000fb480000,0x00000000fb480000,0x00000000fb900000)
 ParOldGen       total 75264K, used 19412K [0x00000000e0000000, 0x00000000e4980000, 0x00000000f5580000)
  object space 75264K, 25% used [0x00000000e0000000,0x00000000e12f5348,0x00000000e4980000)
 Metaspace       used 59017K, capacity 64280K, committed 64472K, reserved 1105920K
  class space    used 7247K, capacity 8909K, committed 8960K, reserved 1048576K
Event: 1901.449 GC heap after
Heap after GC invocations=74 (full 33):
 PSYoungGen      total 101888K, used 160K [0x00000000f5580000, 0x00000000fbd80000, 0x0000000100000000)
  eden space 97280K, 0% used [0x00000000f5580000,0x00000000f5580000,0x00000000fb480000)
  from space 4608K, 3% used [0x00000000fb480000,0x00000000fb4a8000,0x00000000fb900000)
  to   space 4608K, 0% used [0x00000000fb900000,0x00000000fb900000,0x00000000fbd80000)
 ParOldGen       total 75264K, used 19412K [0x00000000e0000000, 0x00000000e4980000, 0x00000000f5580000)
  object space 75264K, 25% used [0x00000000e0000000,0x00000000e12f5348,0x00000000e4980000)
 Metaspace       used 59017K, capacity 64280K, committed 64472K, reserved 1105920K
  class space    used 7247K, capacity 8909K, committed 8960K, reserved 1048576K
}
Event: 1901.449 GC heap before
{Heap before GC invocations=75 (full 34):
 PSYoungGen      total 101888K, used 160K [0x00000000f5580000, 0x00000000fbd80000, 0x0000000100000000)
  eden space 97280K, 0% used [0x00000000f5580000,0x00000000f5580000,0x00000000fb480000)
  from space 4608K, 3% used [0x00000000fb480000,0x00000000fb4a8000,0x00000000fb900000)
  to   space 4608K, 0% used [0x00000000fb900000,0x00000000fb900000,0x00000000fbd80000)
 ParOldGen       total 75264K, used 19412K [0x00000000e0000000, 0x00000000e4980000, 0x00000000f5580000)
  object space 75264K, 25% used [0x00000000e0000000,0x00000000e12f5348,0x00000000e4980000)
 Metaspace       used 59017K, capacity 64280K, committed 64472K, reserved 1105920K
  class space    used 7247K, capacity 8909K, committed 8960K, reserved 1048576K
Event: 1901.496 GC heap after
Heap after GC invocations=75 (full 34):
 PSYoungGen      total 101888K, used 0K [0x00000000f5580000, 0x00000000fbd80000, 0x0000000100000000)
  eden space 97280K, 0% used [0x00000000f5580000,0x00000000f5580000,0x00000000fb480000)
  from space 4608K, 0% used [0x00000000fb480000,0x00000000fb480000,0x00000000fb900000)
  to   space 4608K, 0% used [0x00000000fb900000,0x00000000fb900000,0x00000000fbd80000)
 ParOldGen       total 75264K, used 19297K [0x00000000e0000000, 0x00000000e4980000, 0x00000000f5580000)
  object space 75264K, 25% used [0x00000000e0000000,0x00000000e12d8430,0x00000000e4980000)
 Metaspace       used 59017K, capacity 64280K, committed 64472K, reserved 1105920K
  class space    used 7247K, capacity 8909K, committed 8960K, reserved 1048576K
}
Event: 1961.455 GC heap before
{Heap before GC invocations=76 (full 34):
 PSYoungGen      total 101888K, used 3547K [0x00000000f5580000, 0x00000000fbd80000, 0x0000000100000000)
  eden space 97280K, 3% used [0x00000000f5580000,0x00000000f58f6f10,0x00000000fb480000)
  from space 4608K, 0% used [0x00000000fb480000,0x00000000fb480000,0x00000000fb900000)
  to   space 4608K, 0% used [0x00000000fb900000,0x00000000fb900000,0x00000000fbd80000)
 ParOldGen       total 75264K, used 19297K [0x00000000e0000000, 0x00000000e4980000, 0x00000000f5580000)
  object space 75264K, 25% used [0x00000000e0000000,0x00000000e12d8430,0x00000000e4980000)
 Metaspace       used 59035K, capacity 64280K, committed 64472K, reserved 1105920K
  class space    used 7247K, capacity 8909K, committed 8960K, reserved 1048576K
Event: 1961.457 GC heap after
Heap after GC invocations=76 (full 34):
 PSYoungGen      total 100864K, used 160K [0x00000000f5580000, 0x00000000fbc80000, 0x0000000100000000)
  eden space 97280K, 0% used [0x00000000f5580000,0x00000000f5580000,0x00000000fb480000)
  from space 3584K, 4% used [0x00000000fb900000,0x00000000fb928000,0x00000000fbc80000)
  to   space 4096K, 0% used [0x00000000fb480000,0x00000000fb480000,0x00000000fb880000)
 ParOldGen       total 75264K, used 19305K [0x00000000e0000000, 0x00000000e4980000, 0x00000000f5580000)
  object space 75264K, 25% used [0x00000000e0000000,0x00000000e12da430,0x00000000e4980000)
 Metaspace       used 59035K, capacity 64280K, committed 64472K, reserved 1105920K
  class space    used 7247K, capacity 8909K, committed 8960K, reserved 1048576K
}
Event: 1961.457 GC heap before
{Heap before GC invocations=77 (full 35):
 PSYoungGen      total 100864K, used 160K [0x00000000f5580000, 0x00000000fbc80000, 0x0000000100000000)
  eden space 97280K, 0% used [0x00000000f5580000,0x00000000f5580000,0x00000000fb480000)
  from space 3584K, 4% used [0x00000000fb900000,0x00000000fb928000,0x00000000fbc80000)
  to   space 4096K, 0% used [0x00000000fb480000,0x00000000fb480000,0x00000000fb880000)
 ParOldGen       total 75264K, used 19305K [0x00000000e0000000, 0x00000000e4980000, 0x00000000f5580000)
  object space 75264K, 25% used [0x00000000e0000000,0x00000000e12da430,0x00000000e4980000)
 Metaspace       used 59035K, capacity 64280K, committed 64472K, reserved 1105920K
  class space    used 7247K, capacity 8909K, committed 8960K, reserved 1048576K
Event: 1961.504 GC heap after
Heap after GC invocations=77 (full 35):
 PSYoungGen      total 100864K, used 0K [0x00000000f5580000, 0x00000000fbc80000, 0x0000000100000000)
  eden space 97280K, 0% used [0x00000000f5580000,0x00000000f5580000,0x00000000fb480000)
  from space 3584K, 0% used [0x00000000fb900000,0x00000000fb900000,0x00000000fbc80000)
  to   space 4096K, 0% used [0x00000000fb480000,0x00000000fb480000,0x00000000fb880000)
 ParOldGen       total 75264K, used 19299K [0x00000000e0000000, 0x00000000e4980000, 0x00000000f5580000)
  object space 75264K, 25% used [0x00000000e0000000,0x00000000e12d8c80,0x00000000e4980000)
 Metaspace       used 59035K, capacity 64280K, committed 64472K, reserved 1105920K
  class space    used 7247K, capacity 8909K, committed 8960K, reserved 1048576K
}

