# JRE version: Java(TM) SE Runtime Environment (8.0_25-b18) (build 1.8.0_25-b18)
# Java VM: Java HotSpot(TM) 64-Bit Server VM (25.25-b02 mixed mode windows-amd64 compressed oops)
Heap:
 PSYoungGen      total 57856K, used 38204K [0x00000000f5580000, 0x00000000f8f00000, 0x0000000100000000)
  eden space 56832K, 67% used [0x00000000f5580000,0x00000000f7acf2c8,0x00000000f8d00000)
  from space 1024K, 0% used [0x00000000f8e00000,0x00000000f8e00000,0x00000000f8f00000)
  to   space 1024K, 0% used [0x00000000f8d00000,0x00000000f8d00000,0x00000000f8e00000)
 ParOldGen       total 100352K, used 36907K [0x00000000e0000000, 0x00000000e6200000, 0x00000000f5580000)
  object space 100352K, 36% used [0x00000000e0000000,0x00000000e240ad78,0x00000000e6200000)
 Metaspace       used 83029K, capacity 88990K, committed 89176K, reserved 1126400K
  class space    used 9615K, capacity 11533K, committed 11608K, reserved 1048576K
GC Heap History (10 events):
Event: 79845.452 GC heap before
{Heap before GC invocations=650 (full 298):
 PSYoungGen      total 57856K, used 160K [0x00000000f5580000, 0x00000000f8f00000, 0x0000000100000000)
  eden space 56832K, 0% used [0x00000000f5580000,0x00000000f5580000,0x00000000f8d00000)
  from space 1024K, 15% used [0x00000000f8e00000,0x00000000f8e28000,0x00000000f8f00000)
  to   space 1024K, 0% used [0x00000000f8d00000,0x00000000f8d00000,0x00000000f8e00000)
 ParOldGen       total 100352K, used 36936K [0x00000000e0000000, 0x00000000e6200000, 0x00000000f5580000)
  object space 100352K, 36% used [0x00000000e0000000,0x00000000e24122f0,0x00000000e6200000)
 Metaspace       used 82340K, capacity 88402K, committed 88536K, reserved 1126400K
  class space    used 9539K, capacity 11467K, committed 11480K, reserved 1048576K
Event: 79845.571 GC heap after
Heap after GC invocations=650 (full 298):
 PSYoungGen      total 57856K, used 0K [0x00000000f5580000, 0x00000000f8f00000, 0x0000000100000000)
  eden space 56832K, 0% used [0x00000000f5580000,0x00000000f5580000,0x00000000f8d00000)
  from space 1024K, 0% used [0x00000000f8e00000,0x00000000f8e00000,0x00000000f8f00000)
  to   space 1024K, 0% used [0x00000000f8d00000,0x00000000f8d00000,0x00000000f8e00000)
 ParOldGen       total 100352K, used 36937K [0x00000000e0000000, 0x00000000e6200000, 0x00000000f5580000)
  object space 100352K, 36% used [0x00000000e0000000,0x00000000e2412510,0x00000000e6200000)
 Metaspace       used 82340K, capacity 88402K, committed 88536K, reserved 1126400K
  class space    used 9539K, capacity 11467K, committed 11480K, reserved 1048576K
}
Event: 79905.675 GC heap before
{Heap before GC invocations=651 (full 298):
 PSYoungGen      total 57856K, used 7243K [0x00000000f5580000, 0x00000000f8f00000, 0x0000000100000000)
  eden space 56832K, 12% used [0x00000000f5580000,0x00000000f5c92dc8,0x00000000f8d00000)
  from space 1024K, 0% used [0x00000000f8e00000,0x00000000f8e00000,0x00000000f8f00000)
  to   space 1024K, 0% used [0x00000000f8d00000,0x00000000f8d00000,0x00000000f8e00000)
 ParOldGen       total 100352K, used 36937K [0x00000000e0000000, 0x00000000e6200000, 0x00000000f5580000)
  object space 100352K, 36% used [0x00000000e0000000,0x00000000e2412510,0x00000000e6200000)
 Metaspace       used 82340K, capacity 88402K, committed 88536K, reserved 1126400K
  class space    used 9539K, capacity 11467K, committed 11480K, reserved 1048576K
Event: 79905.721 GC heap after
Heap after GC invocations=651 (full 298):
 PSYoungGen      total 57856K, used 416K [0x00000000f5580000, 0x00000000f8f00000, 0x0000000100000000)
  eden space 56832K, 0% used [0x00000000f5580000,0x00000000f5580000,0x00000000f8d00000)
  from space 1024K, 40% used [0x00000000f8d00000,0x00000000f8d68000,0x00000000f8e00000)
  to   space 1024K, 0% used [0x00000000f8e00000,0x00000000f8e00000,0x00000000f8f00000)
 ParOldGen       total 100352K, used 36937K [0x00000000e0000000, 0x00000000e6200000, 0x00000000f5580000)
  object space 100352K, 36% used [0x00000000e0000000,0x00000000e2412510,0x00000000e6200000)
 Metaspace       used 82340K, capacity 88402K, committed 88536K, reserved 1126400K
  class space    used 9539K, capacity 11467K, committed 11480K, reserved 1048576K
}
Event: 79905.721 GC heap before
{Heap before GC invocations=652 (full 299):
 PSYoungGen      total 57856K, used 416K [0x00000000f5580000, 0x00000000f8f00000, 0x0000000100000000)
  eden space 56832K, 0% used [0x00000000f5580000,0x00000000f5580000,0x00000000f8d00000)
  from space 1024K, 40% used [0x00000000f8d00000,0x00000000f8d68000,0x00000000f8e00000)
  to   space 1024K, 0% used [0x00000000f8e00000,0x00000000f8e00000,0x00000000f8f00000)
 ParOldGen       total 100352K, used 36937K [0x00000000e0000000, 0x00000000e6200000, 0x00000000f5580000)
  object space 100352K, 36% used [0x00000000e0000000,0x00000000e2412510,0x00000000e6200000)
 Metaspace       used 82340K, capacity 88402K, committed 88536K, reserved 1126400K
  class space    used 9539K, capacity 11467K, committed 11480K, reserved 1048576K
Event: 79905.913 GC heap after
Heap after GC invocations=652 (full 299):
 PSYoungGen      total 57856K, used 0K [0x00000000f5580000, 0x00000000f8f00000, 0x0000000100000000)
  eden space 56832K, 0% used [0x00000000f5580000,0x00000000f5580000,0x00000000f8d00000)
  from space 1024K, 0% used [0x00000000f8d00000,0x00000000f8d00000,0x00000000f8e00000)
  to   space 1024K, 0% used [0x00000000f8e00000,0x00000000f8e00000,0x00000000f8f00000)
 ParOldGen       total 100352K, used 37062K [0x00000000e0000000, 0x00000000e6200000, 0x00000000f5580000)
  object space 100352K, 36% used [0x00000000e0000000,0x00000000e24318c8,0x00000000e6200000)
 Metaspace       used 82340K, capacity 88402K, committed 88536K, reserved 1126400K
  class space    used 9539K, capacity 11467K, committed 11480K, reserved 1048576K
}
Event: 82963.112 GC heap before
{Heap before GC invocations=653 (full 299):
 PSYoungGen      total 57856K, used 1961K [0x00000000f5580000, 0x00000000f8f00000, 0x0000000100000000)
  eden space 56832K, 3% used [0x00000000f5580000,0x00000000f576a748,0x00000000f8d00000)
  from space 1024K, 0% used [0x00000000f8d00000,0x00000000f8d00000,0x00000000f8e00000)
  to   space 1024K, 0% used [0x00000000f8e00000,0x00000000f8e00000,0x00000000f8f00000)
 ParOldGen       total 100352K, used 37062K [0x00000000e0000000, 0x00000000e6200000, 0x00000000f5580000)
  object space 100352K, 36% used [0x00000000e0000000,0x00000000e24318c8,0x00000000e6200000)
 Metaspace       used 82347K, capacity 88402K, committed 88536K, reserved 1126400K
  class space    used 9539K, capacity 11467K, committed 11480K, reserved 1048576K
Event: 82963.128 GC heap after
Heap after GC invocations=653 (full 299):
 PSYoungGen      total 57856K, used 384K [0x00000000f5580000, 0x00000000f8f00000, 0x0000000100000000)
  eden space 56832K, 0% used [0x00000000f5580000,0x00000000f5580000,0x00000000f8d00000)
  from space 1024K, 37% used [0x00000000f8e00000,0x00000000f8e60000,0x00000000f8f00000)
  to   space 1024K, 0% used [0x00000000f8d00000,0x00000000f8d00000,0x00000000f8e00000)
 ParOldGen       total 100352K, used 37062K [0x00000000e0000000, 0x00000000e6200000, 0x00000000f5580000)
  object space 100352K, 36% used [0x00000000e0000000,0x00000000e24318c8,0x00000000e6200000)
 Metaspace       used 82347K, capacity 88402K, committed 88536K, reserved 1126400K
  class space    used 9539K, capacity 11467K, committed 11480K, reserved 1048576K
}
Event: 82963.128 GC heap before
{Heap before GC invocations=654 (full 300):
 PSYoungGen      total 57856K, used 384K [0x00000000f5580000, 0x00000000f8f00000, 0x0000000100000000)
  eden space 56832K, 0% used [0x00000000f5580000,0x00000000f5580000,0x00000000f8d00000)
  from space 1024K, 37% used [0x00000000f8e00000,0x00000000f8e60000,0x00000000f8f00000)
  to   space 1024K, 0% used [0x00000000f8d00000,0x00000000f8d00000,0x00000000f8e00000)
 ParOldGen       total 100352K, used 37062K [0x00000000e0000000, 0x00000000e6200000, 0x00000000f5580000)
  object space 100352K, 36% used [0x00000000e0000000,0x00000000e24318c8,0x00000000e6200000)
 Metaspace       used 82347K, capacity 88402K, committed 88536K, reserved 1126400K
  class space    used 9539K, capacity 11467K, committed 11480K, reserved 1048576K
Event: 82963.279 GC heap after
Heap after GC invocations=654 (full 300):
 PSYoungGen      total 57856K, used 0K [0x00000000f5580000, 0x00000000f8f00000, 0x0000000100000000)
  eden space 56832K, 0% used [0x00000000f5580000,0x00000000f5580000,0x00000000f8d00000)
  from space 1024K, 0% used [0x00000000f8e00000,0x00000000f8e00000,0x00000000f8f00000)
  to   space 1024K, 0% used [0x00000000f8d00000,0x00000000f8d00000,0x00000000f8e00000)
 ParOldGen       total 100352K, used 36907K [0x00000000e0000000, 0x00000000e6200000, 0x00000000f5580000)
  object space 100352K, 36% used [0x00000000e0000000,0x00000000e240ad78,0x00000000e6200000)
 Metaspace       used 82347K, capacity 88402K, committed 88536K, reserved 1126400K
  class space    used 9539K, capacity 11467K, committed 11480K, reserved 1048576K
}

