# JRE version: Java(TM) SE Runtime Environment (8.0_25-b18) (build 1.8.0_25-b18)
# Java VM: Java HotSpot(TM) 64-Bit Server VM (25.25-b02 mixed mode windows-amd64 compressed oops)
Heap:
 PSYoungGen      total 33792K, used 14202K [0x00000000f5580000, 0x00000000f7800000, 0x0000000100000000)
  eden space 32768K, 41% used [0x00000000f5580000,0x00000000f62e6a88,0x00000000f7580000)
  from space 1024K, 46% used [0x00000000f7680000,0x00000000f76f8000,0x00000000f7780000)
  to   space 1024K, 0% used [0x00000000f7580000,0x00000000f7580000,0x00000000f7680000)
 ParOldGen       total 97280K, used 49189K [0x00000000e0000000, 0x00000000e5f00000, 0x00000000f5580000)
  object space 97280K, 50% used [0x00000000e0000000,0x00000000e3009760,0x00000000e5f00000)
 Metaspace       used 101474K, capacity 107728K, committed 107864K, reserved 1142784K
  class space    used 11958K, capacity 13936K, committed 13952K, reserved 1048576K
GC Heap History (10 events):
Event: 170053.208 GC heap before
{Heap before GC invocations=2176 (full 1010):
 PSYoungGen      total 33280K, used 3681K [0x00000000f5580000, 0x00000000f7700000, 0x0000000100000000)
  eden space 32768K, 11% used [0x00000000f5580000,0x00000000f59186e8,0x00000000f7580000)
  from space 512K, 0% used [0x00000000f7600000,0x00000000f7600000,0x00000000f7680000)
  to   space 512K, 0% used [0x00000000f7680000,0x00000000f7680000,0x00000000f7700000)
 ParOldGen       total 97280K, used 49052K [0x00000000e0000000, 0x00000000e5f00000, 0x00000000f5580000)
  object space 97280K, 50% used [0x00000000e0000000,0x00000000e2fe72d8,0x00000000e5f00000)
 Metaspace       used 100869K, capacity 107198K, committed 107608K, reserved 1142784K
  class space    used 11893K, capacity 13869K, committed 13952K, reserved 1048576K
Event: 170053.212 GC heap after
Heap after GC invocations=2176 (full 1010):
 PSYoungGen      total 33280K, used 384K [0x00000000f5580000, 0x00000000f7700000, 0x0000000100000000)
  eden space 32768K, 0% used [0x00000000f5580000,0x00000000f5580000,0x00000000f7580000)
  from space 512K, 75% used [0x00000000f7680000,0x00000000f76e0000,0x00000000f7700000)
  to   space 512K, 0% used [0x00000000f7600000,0x00000000f7600000,0x00000000f7680000)
 ParOldGen       total 97280K, used 49052K [0x00000000e0000000, 0x00000000e5f00000, 0x00000000f5580000)
  object space 97280K, 50% used [0x00000000e0000000,0x00000000e2fe72d8,0x00000000e5f00000)
 Metaspace       used 100869K, capacity 107198K, committed 107608K, reserved 1142784K
  class space    used 11893K, capacity 13869K, committed 13952K, reserved 1048576K
}
Event: 170053.212 GC heap before
{Heap before GC invocations=2177 (full 1011):
 PSYoungGen      total 33280K, used 384K [0x00000000f5580000, 0x00000000f7700000, 0x0000000100000000)
  eden space 32768K, 0% used [0x00000000f5580000,0x00000000f5580000,0x00000000f7580000)
  from space 512K, 75% used [0x00000000f7680000,0x00000000f76e0000,0x00000000f7700000)
  to   space 512K, 0% used [0x00000000f7600000,0x00000000f7600000,0x00000000f7680000)
 ParOldGen       total 97280K, used 49052K [0x00000000e0000000, 0x00000000e5f00000, 0x00000000f5580000)
  object space 97280K, 50% used [0x00000000e0000000,0x00000000e2fe72d8,0x00000000e5f00000)
 Metaspace       used 100869K, capacity 107198K, committed 107608K, reserved 1142784K
  class space    used 11893K, capacity 13869K, committed 13952K, reserved 1048576K
Event: 170053.403 GC heap after
Heap after GC invocations=2177 (full 1011):
 PSYoungGen      total 33280K, used 0K [0x00000000f5580000, 0x00000000f7700000, 0x0000000100000000)
  eden space 32768K, 0% used [0x00000000f5580000,0x00000000f5580000,0x00000000f7580000)
  from space 512K, 0% used [0x00000000f7680000,0x00000000f7680000,0x00000000f7700000)
  to   space 512K, 0% used [0x00000000f7600000,0x00000000f7600000,0x00000000f7680000)
 ParOldGen       total 97280K, used 49043K [0x00000000e0000000, 0x00000000e5f00000, 0x00000000f5580000)
  object space 97280K, 50% used [0x00000000e0000000,0x00000000e2fe4fe8,0x00000000e5f00000)
 Metaspace       used 100869K, capacity 107198K, committed 107608K, reserved 1142784K
  class space    used 11893K, capacity 13869K, committed 13952K, reserved 1048576K
}
Event: 170113.209 GC heap before
{Heap before GC invocations=2178 (full 1011):
 PSYoungGen      total 33280K, used 8010K [0x00000000f5580000, 0x00000000f7700000, 0x0000000100000000)
  eden space 32768K, 24% used [0x00000000f5580000,0x00000000f5d52b58,0x00000000f7580000)
  from space 512K, 0% used [0x00000000f7680000,0x00000000f7680000,0x00000000f7700000)
  to   space 512K, 0% used [0x00000000f7600000,0x00000000f7600000,0x00000000f7680000)
 ParOldGen       total 97280K, used 49043K [0x00000000e0000000, 0x00000000e5f00000, 0x00000000f5580000)
  object space 97280K, 50% used [0x00000000e0000000,0x00000000e2fe4fe8,0x00000000e5f00000)
 Metaspace       used 100869K, capacity 107198K, committed 107608K, reserved 1142784K
  class space    used 11893K, capacity 13869K, committed 13952K, reserved 1048576K
Event: 170113.213 GC heap after
Heap after GC invocations=2178 (full 1011):
 PSYoungGen      total 33280K, used 480K [0x00000000f5580000, 0x00000000f7780000, 0x0000000100000000)
  eden space 32768K, 0% used [0x00000000f5580000,0x00000000f5580000,0x00000000f7580000)
  from space 512K, 93% used [0x00000000f7600000,0x00000000f7678000,0x00000000f7680000)
  to   space 1024K, 0% used [0x00000000f7680000,0x00000000f7680000,0x00000000f7780000)
 ParOldGen       total 97280K, used 49043K [0x00000000e0000000, 0x00000000e5f00000, 0x00000000f5580000)
  object space 97280K, 50% used [0x00000000e0000000,0x00000000e2fe4fe8,0x00000000e5f00000)
 Metaspace       used 100869K, capacity 107198K, committed 107608K, reserved 1142784K
  class space    used 11893K, capacity 13869K, committed 13952K, reserved 1048576K
}
Event: 170113.213 GC heap before
{Heap before GC invocations=2179 (full 1012):
 PSYoungGen      total 33280K, used 480K [0x00000000f5580000, 0x00000000f7780000, 0x0000000100000000)
  eden space 32768K, 0% used [0x00000000f5580000,0x00000000f5580000,0x00000000f7580000)
  from space 512K, 93% used [0x00000000f7600000,0x00000000f7678000,0x00000000f7680000)
  to   space 1024K, 0% used [0x00000000f7680000,0x00000000f7680000,0x00000000f7780000)
 ParOldGen       total 97280K, used 49043K [0x00000000e0000000, 0x00000000e5f00000, 0x00000000f5580000)
  object space 97280K, 50% used [0x00000000e0000000,0x00000000e2fe4fe8,0x00000000e5f00000)
 Metaspace       used 100869K, capacity 107198K, committed 107608K, reserved 1142784K
  class space    used 11893K, capacity 13869K, committed 13952K, reserved 1048576K
Event: 170113.377 GC heap after
Heap after GC invocations=2179 (full 1012):
 PSYoungGen      total 33280K, used 0K [0x00000000f5580000, 0x00000000f7780000, 0x0000000100000000)
  eden space 32768K, 0% used [0x00000000f5580000,0x00000000f5580000,0x00000000f7580000)
  from space 512K, 0% used [0x00000000f7600000,0x00000000f7600000,0x00000000f7680000)
  to   space 1024K, 0% used [0x00000000f7680000,0x00000000f7680000,0x00000000f7780000)
 ParOldGen       total 97280K, used 49181K [0x00000000e0000000, 0x00000000e5f00000, 0x00000000f5580000)
  object space 97280K, 50% used [0x00000000e0000000,0x00000000e3007760,0x00000000e5f00000)
 Metaspace       used 100869K, capacity 107198K, committed 107608K, reserved 1142784K
  class space    used 11893K, capacity 13869K, committed 13952K, reserved 1048576K
}
Event: 170137.022 GC heap before
{Heap before GC invocations=2180 (full 1012):
 PSYoungGen      total 33280K, used 32768K [0x00000000f5580000, 0x00000000f7780000, 0x0000000100000000)
  eden space 32768K, 100% used [0x00000000f5580000,0x00000000f7580000,0x00000000f7580000)
  from space 512K, 0% used [0x00000000f7600000,0x00000000f7600000,0x00000000f7680000)
  to   space 1024K, 0% used [0x00000000f7680000,0x00000000f7680000,0x00000000f7780000)
 ParOldGen       total 97280K, used 49181K [0x00000000e0000000, 0x00000000e5f00000, 0x00000000f5580000)
  object space 97280K, 50% used [0x00000000e0000000,0x00000000e3007760,0x00000000e5f00000)
 Metaspace       used 101081K, capacity 107376K, committed 107608K, reserved 1142784K
  class space    used 11918K, capacity 13904K, committed 13952K, reserved 1048576K
Event: 170137.026 GC heap after
Heap after GC invocations=2180 (full 1012):
 PSYoungGen      total 33792K, used 480K [0x00000000f5580000, 0x00000000f7800000, 0x0000000100000000)
  eden space 32768K, 0% used [0x00000000f5580000,0x00000000f5580000,0x00000000f7580000)
  from space 1024K, 46% used [0x00000000f7680000,0x00000000f76f8000,0x00000000f7780000)
  to   space 1024K, 0% used [0x00000000f7580000,0x00000000f7580000,0x00000000f7680000)
 ParOldGen       total 97280K, used 49189K [0x00000000e0000000, 0x00000000e5f00000, 0x00000000f5580000)
  object space 97280K, 50% used [0x00000000e0000000,0x00000000e3009760,0x00000000e5f00000)
 Metaspace       used 101081K, capacity 107376K, committed 107608K, reserved 1142784K
  class space    used 11918K, capacity 13904K, committed 13952K, reserved 1048576K
}

