# JRE version: Java(TM) SE Runtime Environment (8.0_25-b18) (build 1.8.0_25-b18)
# Java VM: Java HotSpot(TM) 64-Bit Server VM (25.25-b02 mixed mode windows-amd64 compressed oops)
Heap:
 PSYoungGen      total 73216K, used 25062K [0x00000000f5580000, 0x00000000f9e00000, 0x0000000100000000)
  eden space 72192K, 34% used [0x00000000f5580000,0x00000000f6df99c0,0x00000000f9c00000)
  from space 1024K, 0% used [0x00000000f9c00000,0x00000000f9c00000,0x00000000f9d00000)
  to   space 1024K, 0% used [0x00000000f9d00000,0x00000000f9d00000,0x00000000f9e00000)
 ParOldGen       total 85504K, used 32201K [0x00000000e0000000, 0x00000000e5380000, 0x00000000f5580000)
  object space 85504K, 37% used [0x00000000e0000000,0x00000000e1f727d8,0x00000000e5380000)
 Metaspace       used 77543K, capacity 83406K, committed 83544K, reserved 1122304K
  class space    used 9361K, capacity 11255K, committed 11352K, reserved 1048576K
GC Heap History (10 events):
Event: 43525.130 GC heap before
{Heap before GC invocations=1139 (full 560):
 PSYoungGen      total 72704K, used 480K [0x00000000f5580000, 0x00000000f9e00000, 0x0000000100000000)
  eden space 72192K, 0% used [0x00000000f5580000,0x00000000f5580000,0x00000000f9c00000)
  from space 512K, 93% used [0x00000000f9c80000,0x00000000f9cf8000,0x00000000f9d00000)
  to   space 1024K, 0% used [0x00000000f9d00000,0x00000000f9d00000,0x00000000f9e00000)
 ParOldGen       total 85504K, used 31986K [0x00000000e0000000, 0x00000000e5380000, 0x00000000f5580000)
  object space 85504K, 37% used [0x00000000e0000000,0x00000000e1f3c8a0,0x00000000e5380000)
 Metaspace       used 76620K, capacity 82524K, committed 82904K, reserved 1120256K
  class space    used 9253K, capacity 11092K, committed 11224K, reserved 1048576K
Event: 43525.220 GC heap after
Heap after GC invocations=1139 (full 560):
 PSYoungGen      total 72704K, used 0K [0x00000000f5580000, 0x00000000f9e00000, 0x0000000100000000)
  eden space 72192K, 0% used [0x00000000f5580000,0x00000000f5580000,0x00000000f9c00000)
  from space 512K, 0% used [0x00000000f9c80000,0x00000000f9c80000,0x00000000f9d00000)
  to   space 1024K, 0% used [0x00000000f9d00000,0x00000000f9d00000,0x00000000f9e00000)
 ParOldGen       total 85504K, used 32110K [0x00000000e0000000, 0x00000000e5380000, 0x00000000f5580000)
  object space 85504K, 37% used [0x00000000e0000000,0x00000000e1f5bb40,0x00000000e5380000)
 Metaspace       used 76620K, capacity 82524K, committed 82904K, reserved 1120256K
  class space    used 9253K, capacity 11092K, committed 11224K, reserved 1048576K
}
Event: 43585.133 GC heap before
{Heap before GC invocations=1140 (full 560):
 PSYoungGen      total 72704K, used 3005K [0x00000000f5580000, 0x00000000f9e00000, 0x0000000100000000)
  eden space 72192K, 4% used [0x00000000f5580000,0x00000000f586f760,0x00000000f9c00000)
  from space 512K, 0% used [0x00000000f9c80000,0x00000000f9c80000,0x00000000f9d00000)
  to   space 1024K, 0% used [0x00000000f9d00000,0x00000000f9d00000,0x00000000f9e00000)
 ParOldGen       total 85504K, used 32110K [0x00000000e0000000, 0x00000000e5380000, 0x00000000f5580000)
  object space 85504K, 37% used [0x00000000e0000000,0x00000000e1f5bb40,0x00000000e5380000)
 Metaspace       used 76620K, capacity 82524K, committed 82904K, reserved 1120256K
  class space    used 9253K, capacity 11092K, committed 11224K, reserved 1048576K
Event: 43585.136 GC heap after
Heap after GC invocations=1140 (full 560):
 PSYoungGen      total 73216K, used 128K [0x00000000f5580000, 0x00000000f9e00000, 0x0000000100000000)
  eden space 72192K, 0% used [0x00000000f5580000,0x00000000f5580000,0x00000000f9c00000)
  from space 1024K, 12% used [0x00000000f9d00000,0x00000000f9d20000,0x00000000f9e00000)
  to   space 1024K, 0% used [0x00000000f9c00000,0x00000000f9c00000,0x00000000f9d00000)
 ParOldGen       total 85504K, used 32110K [0x00000000e0000000, 0x00000000e5380000, 0x00000000f5580000)
  object space 85504K, 37% used [0x00000000e0000000,0x00000000e1f5bb40,0x00000000e5380000)
 Metaspace       used 76620K, capacity 82524K, committed 82904K, reserved 1120256K
  class space    used 9253K, capacity 11092K, committed 11224K, reserved 1048576K
}
Event: 43585.136 GC heap before
{Heap before GC invocations=1141 (full 561):
 PSYoungGen      total 73216K, used 128K [0x00000000f5580000, 0x00000000f9e00000, 0x0000000100000000)
  eden space 72192K, 0% used [0x00000000f5580000,0x00000000f5580000,0x00000000f9c00000)
  from space 1024K, 12% used [0x00000000f9d00000,0x00000000f9d20000,0x00000000f9e00000)
  to   space 1024K, 0% used [0x00000000f9c00000,0x00000000f9c00000,0x00000000f9d00000)
 ParOldGen       total 85504K, used 32110K [0x00000000e0000000, 0x00000000e5380000, 0x00000000f5580000)
  object space 85504K, 37% used [0x00000000e0000000,0x00000000e1f5bb40,0x00000000e5380000)
 Metaspace       used 76620K, capacity 82524K, committed 82904K, reserved 1120256K
  class space    used 9253K, capacity 11092K, committed 11224K, reserved 1048576K
Event: 43585.232 GC heap after
Heap after GC invocations=1141 (full 561):
 PSYoungGen      total 73216K, used 0K [0x00000000f5580000, 0x00000000f9e00000, 0x0000000100000000)
  eden space 72192K, 0% used [0x00000000f5580000,0x00000000f5580000,0x00000000f9c00000)
  from space 1024K, 0% used [0x00000000f9d00000,0x00000000f9d00000,0x00000000f9e00000)
  to   space 1024K, 0% used [0x00000000f9c00000,0x00000000f9c00000,0x00000000f9d00000)
 ParOldGen       total 85504K, used 31985K [0x00000000e0000000, 0x00000000e5380000, 0x00000000f5580000)
  object space 85504K, 37% used [0x00000000e0000000,0x00000000e1f3c660,0x00000000e5380000)
 Metaspace       used 76620K, capacity 82524K, committed 82904K, reserved 1120256K
  class space    used 9253K, capacity 11092K, committed 11224K, reserved 1048576K
}
Event: 43663.087 GC heap before
{Heap before GC invocations=1142 (full 561):
 PSYoungGen      total 73216K, used 3620K [0x00000000f5580000, 0x00000000f9e00000, 0x0000000100000000)
  eden space 72192K, 5% used [0x00000000f5580000,0x00000000f5909190,0x00000000f9c00000)
  from space 1024K, 0% used [0x00000000f9d00000,0x00000000f9d00000,0x00000000f9e00000)
  to   space 1024K, 0% used [0x00000000f9c00000,0x00000000f9c00000,0x00000000f9d00000)
 ParOldGen       total 85504K, used 31985K [0x00000000e0000000, 0x00000000e5380000, 0x00000000f5580000)
  object space 85504K, 37% used [0x00000000e0000000,0x00000000e1f3c660,0x00000000e5380000)
 Metaspace       used 76627K, capacity 82530K, committed 82904K, reserved 1120256K
  class space    used 9253K, capacity 11093K, committed 11224K, reserved 1048576K
Event: 43663.090 GC heap after
Heap after GC invocations=1142 (full 561):
 PSYoungGen      total 73216K, used 416K [0x00000000f5580000, 0x00000000f9e00000, 0x0000000100000000)
  eden space 72192K, 0% used [0x00000000f5580000,0x00000000f5580000,0x00000000f9c00000)
  from space 1024K, 40% used [0x00000000f9c00000,0x00000000f9c68000,0x00000000f9d00000)
  to   space 1024K, 0% used [0x00000000f9d00000,0x00000000f9d00000,0x00000000f9e00000)
 ParOldGen       total 85504K, used 31985K [0x00000000e0000000, 0x00000000e5380000, 0x00000000f5580000)
  object space 85504K, 37% used [0x00000000e0000000,0x00000000e1f3c660,0x00000000e5380000)
 Metaspace       used 76627K, capacity 82530K, committed 82904K, reserved 1120256K
  class space    used 9253K, capacity 11093K, committed 11224K, reserved 1048576K
}
Event: 43663.091 GC heap before
{Heap before GC invocations=1143 (full 562):
 PSYoungGen      total 73216K, used 416K [0x00000000f5580000, 0x00000000f9e00000, 0x0000000100000000)
  eden space 72192K, 0% used [0x00000000f5580000,0x00000000f5580000,0x00000000f9c00000)
  from space 1024K, 40% used [0x00000000f9c00000,0x00000000f9c68000,0x00000000f9d00000)
  to   space 1024K, 0% used [0x00000000f9d00000,0x00000000f9d00000,0x00000000f9e00000)
 ParOldGen       total 85504K, used 31985K [0x00000000e0000000, 0x00000000e5380000, 0x00000000f5580000)
  object space 85504K, 37% used [0x00000000e0000000,0x00000000e1f3c660,0x00000000e5380000)
 Metaspace       used 76627K, capacity 82530K, committed 82904K, reserved 1120256K
  class space    used 9253K, capacity 11093K, committed 11224K, reserved 1048576K
Event: 43663.210 GC heap after
Heap after GC invocations=1143 (full 562):
 PSYoungGen      total 73216K, used 0K [0x00000000f5580000, 0x00000000f9e00000, 0x0000000100000000)
  eden space 72192K, 0% used [0x00000000f5580000,0x00000000f5580000,0x00000000f9c00000)
  from space 1024K, 0% used [0x00000000f9c00000,0x00000000f9c00000,0x00000000f9d00000)
  to   space 1024K, 0% used [0x00000000f9d00000,0x00000000f9d00000,0x00000000f9e00000)
 ParOldGen       total 85504K, used 32201K [0x00000000e0000000, 0x00000000e5380000, 0x00000000f5580000)
  object space 85504K, 37% used [0x00000000e0000000,0x00000000e1f727d8,0x00000000e5380000)
 Metaspace       used 76627K, capacity 82530K, committed 82904K, reserved 1120256K
  class space    used 9253K, capacity 11093K, committed 11224K, reserved 1048576K
}

