# JRE version: Java(TM) SE Runtime Environment (8.0_25-b18) (build 1.8.0_25-b18)
# Java VM: Java HotSpot(TM) 64-Bit Server VM (25.25-b02 mixed mode windows-amd64 compressed oops)
Heap:
 PSYoungGen      total 114688K, used 30769K [0x00000000f5580000, 0x00000000fc680000, 0x0000000100000000)
  eden space 113664K, 27% used [0x00000000f5580000,0x00000000f738c7d0,0x00000000fc480000)
  from space 1024K, 0% used [0x00000000fc480000,0x00000000fc480000,0x00000000fc580000)
  to   space 1024K, 0% used [0x00000000fc580000,0x00000000fc580000,0x00000000fc680000)
 ParOldGen       total 82432K, used 34791K [0x00000000e0000000, 0x00000000e5080000, 0x00000000f5580000)
  object space 82432K, 42% used [0x00000000e0000000,0x00000000e21f9e08,0x00000000e5080000)
 Metaspace       used 80118K, capacity 86016K, committed 86360K, reserved 1124352K
  class space    used 9546K, capacity 11489K, committed 11608K, reserved 1048576K
GC Heap History (10 events):
Event: 21124.508 GC heap before
{Heap before GC invocations=481 (full 234):
 PSYoungGen      total 114688K, used 544K [0x00000000f5580000, 0x00000000fc680000, 0x0000000100000000)
  eden space 113664K, 0% used [0x00000000f5580000,0x00000000f5580000,0x00000000fc480000)
  from space 1024K, 53% used [0x00000000fc480000,0x00000000fc508000,0x00000000fc580000)
  to   space 1024K, 0% used [0x00000000fc580000,0x00000000fc580000,0x00000000fc680000)
 ParOldGen       total 82432K, used 34936K [0x00000000e0000000, 0x00000000e5080000, 0x00000000f5580000)
  object space 82432K, 42% used [0x00000000e0000000,0x00000000e221e0e0,0x00000000e5080000)
 Metaspace       used 79381K, capacity 85342K, committed 85720K, reserved 1124352K
  class space    used 9459K, capacity 11356K, committed 11480K, reserved 1048576K
Event: 21124.707 GC heap after
Heap after GC invocations=481 (full 234):
 PSYoungGen      total 114688K, used 0K [0x00000000f5580000, 0x00000000fc680000, 0x0000000100000000)
  eden space 113664K, 0% used [0x00000000f5580000,0x00000000f5580000,0x00000000fc480000)
  from space 1024K, 0% used [0x00000000fc480000,0x00000000fc480000,0x00000000fc580000)
  to   space 1024K, 0% used [0x00000000fc580000,0x00000000fc580000,0x00000000fc680000)
 ParOldGen       total 82432K, used 34918K [0x00000000e0000000, 0x00000000e5080000, 0x00000000f5580000)
  object space 82432K, 42% used [0x00000000e0000000,0x00000000e2219820,0x00000000e5080000)
 Metaspace       used 79381K, capacity 85342K, committed 85720K, reserved 1124352K
  class space    used 9459K, capacity 11356K, committed 11480K, reserved 1048576K
}
Event: 21184.503 GC heap before
{Heap before GC invocations=482 (full 234):
 PSYoungGen      total 114688K, used 7901K [0x00000000f5580000, 0x00000000fc680000, 0x0000000100000000)
  eden space 113664K, 6% used [0x00000000f5580000,0x00000000f5d374b8,0x00000000fc480000)
  from space 1024K, 0% used [0x00000000fc480000,0x00000000fc480000,0x00000000fc580000)
  to   space 1024K, 0% used [0x00000000fc580000,0x00000000fc580000,0x00000000fc680000)
 ParOldGen       total 82432K, used 34918K [0x00000000e0000000, 0x00000000e5080000, 0x00000000f5580000)
  object space 82432K, 42% used [0x00000000e0000000,0x00000000e2219820,0x00000000e5080000)
 Metaspace       used 79382K, capacity 85342K, committed 85720K, reserved 1124352K
  class space    used 9459K, capacity 11356K, committed 11480K, reserved 1048576K
Event: 21184.505 GC heap after
Heap after GC invocations=482 (full 234):
 PSYoungGen      total 114688K, used 448K [0x00000000f5580000, 0x00000000fc680000, 0x0000000100000000)
  eden space 113664K, 0% used [0x00000000f5580000,0x00000000f5580000,0x00000000fc480000)
  from space 1024K, 43% used [0x00000000fc580000,0x00000000fc5f0000,0x00000000fc680000)
  to   space 1024K, 0% used [0x00000000fc480000,0x00000000fc480000,0x00000000fc580000)
 ParOldGen       total 82432K, used 34918K [0x00000000e0000000, 0x00000000e5080000, 0x00000000f5580000)
  object space 82432K, 42% used [0x00000000e0000000,0x00000000e2219820,0x00000000e5080000)
 Metaspace       used 79382K, capacity 85342K, committed 85720K, reserved 1124352K
  class space    used 9459K, capacity 11356K, committed 11480K, reserved 1048576K
}
Event: 21184.505 GC heap before
{Heap before GC invocations=483 (full 235):
 PSYoungGen      total 114688K, used 448K [0x00000000f5580000, 0x00000000fc680000, 0x0000000100000000)
  eden space 113664K, 0% used [0x00000000f5580000,0x00000000f5580000,0x00000000fc480000)
  from space 1024K, 43% used [0x00000000fc580000,0x00000000fc5f0000,0x00000000fc680000)
  to   space 1024K, 0% used [0x00000000fc480000,0x00000000fc480000,0x00000000fc580000)
 ParOldGen       total 82432K, used 34918K [0x00000000e0000000, 0x00000000e5080000, 0x00000000f5580000)
  object space 82432K, 42% used [0x00000000e0000000,0x00000000e2219820,0x00000000e5080000)
 Metaspace       used 79382K, capacity 85342K, committed 85720K, reserved 1124352K
  class space    used 9459K, capacity 11356K, committed 11480K, reserved 1048576K
Event: 21184.614 GC heap after
Heap after GC invocations=483 (full 235):
 PSYoungGen      total 114688K, used 0K [0x00000000f5580000, 0x00000000fc680000, 0x0000000100000000)
  eden space 113664K, 0% used [0x00000000f5580000,0x00000000f5580000,0x00000000fc480000)
  from space 1024K, 0% used [0x00000000fc580000,0x00000000fc580000,0x00000000fc680000)
  to   space 1024K, 0% used [0x00000000fc480000,0x00000000fc480000,0x00000000fc580000)
 ParOldGen       total 82432K, used 34914K [0x00000000e0000000, 0x00000000e5080000, 0x00000000f5580000)
  object space 82432K, 42% used [0x00000000e0000000,0x00000000e2218aa8,0x00000000e5080000)
 Metaspace       used 79382K, capacity 85342K, committed 85720K, reserved 1124352K
  class space    used 9459K, capacity 11356K, committed 11480K, reserved 1048576K
}
Event: 21244.512 GC heap before
{Heap before GC invocations=484 (full 235):
 PSYoungGen      total 114688K, used 4073K [0x00000000f5580000, 0x00000000fc680000, 0x0000000100000000)
  eden space 113664K, 3% used [0x00000000f5580000,0x00000000f597a4c8,0x00000000fc480000)
  from space 1024K, 0% used [0x00000000fc580000,0x00000000fc580000,0x00000000fc680000)
  to   space 1024K, 0% used [0x00000000fc480000,0x00000000fc480000,0x00000000fc580000)
 ParOldGen       total 82432K, used 34914K [0x00000000e0000000, 0x00000000e5080000, 0x00000000f5580000)
  object space 82432K, 42% used [0x00000000e0000000,0x00000000e2218aa8,0x00000000e5080000)
 Metaspace       used 79382K, capacity 85342K, committed 85720K, reserved 1124352K
  class space    used 9459K, capacity 11356K, committed 11480K, reserved 1048576K
Event: 21244.514 GC heap after
Heap after GC invocations=484 (full 235):
 PSYoungGen      total 114688K, used 160K [0x00000000f5580000, 0x00000000fc680000, 0x0000000100000000)
  eden space 113664K, 0% used [0x00000000f5580000,0x00000000f5580000,0x00000000fc480000)
  from space 1024K, 15% used [0x00000000fc480000,0x00000000fc4a8000,0x00000000fc580000)
  to   space 1024K, 0% used [0x00000000fc580000,0x00000000fc580000,0x00000000fc680000)
 ParOldGen       total 82432K, used 34914K [0x00000000e0000000, 0x00000000e5080000, 0x00000000f5580000)
  object space 82432K, 42% used [0x00000000e0000000,0x00000000e2218aa8,0x00000000e5080000)
 Metaspace       used 79382K, capacity 85342K, committed 85720K, reserved 1124352K
  class space    used 9459K, capacity 11356K, committed 11480K, reserved 1048576K
}
Event: 21244.514 GC heap before
{Heap before GC invocations=485 (full 236):
 PSYoungGen      total 114688K, used 160K [0x00000000f5580000, 0x00000000fc680000, 0x0000000100000000)
  eden space 113664K, 0% used [0x00000000f5580000,0x00000000f5580000,0x00000000fc480000)
  from space 1024K, 15% used [0x00000000fc480000,0x00000000fc4a8000,0x00000000fc580000)
  to   space 1024K, 0% used [0x00000000fc580000,0x00000000fc580000,0x00000000fc680000)
 ParOldGen       total 82432K, used 34914K [0x00000000e0000000, 0x00000000e5080000, 0x00000000f5580000)
  object space 82432K, 42% used [0x00000000e0000000,0x00000000e2218aa8,0x00000000e5080000)
 Metaspace       used 79382K, capacity 85342K, committed 85720K, reserved 1124352K
  class space    used 9459K, capacity 11356K, committed 11480K, reserved 1048576K
Event: 21244.609 GC heap after
Heap after GC invocations=485 (full 236):
 PSYoungGen      total 114688K, used 0K [0x00000000f5580000, 0x00000000fc680000, 0x0000000100000000)
  eden space 113664K, 0% used [0x00000000f5580000,0x00000000f5580000,0x00000000fc480000)
  from space 1024K, 0% used [0x00000000fc480000,0x00000000fc480000,0x00000000fc580000)
  to   space 1024K, 0% used [0x00000000fc580000,0x00000000fc580000,0x00000000fc680000)
 ParOldGen       total 82432K, used 34791K [0x00000000e0000000, 0x00000000e5080000, 0x00000000f5580000)
  object space 82432K, 42% used [0x00000000e0000000,0x00000000e21f9e08,0x00000000e5080000)
 Metaspace       used 79382K, capacity 85342K, committed 85720K, reserved 1124352K
  class space    used 9459K, capacity 11356K, committed 11480K, reserved 1048576K
}

