# JRE version: Java(TM) SE Runtime Environment (8.0_25-b18) (build 1.8.0_25-b18)
# Java VM: Java HotSpot(TM) 64-Bit Server VM (25.25-b02 mixed mode windows-amd64 compressed oops)
Heap:
 PSYoungGen      total 102400K, used 38261K [0x00000000f5580000, 0x00000000fbd00000, 0x0000000100000000)
  eden space 99840K, 38% used [0x00000000f5580000,0x00000000f7add628,0x00000000fb700000)
  from space 2560K, 0% used [0x00000000fba80000,0x00000000fba80000,0x00000000fbd00000)
  to   space 3072K, 0% used [0x00000000fb700000,0x00000000fb700000,0x00000000fba00000)
 ParOldGen       total 86016K, used 37537K [0x00000000e0000000, 0x00000000e5400000, 0x00000000f5580000)
  object space 86016K, 43% used [0x00000000e0000000,0x00000000e24a8758,0x00000000e5400000)
 Metaspace       used 79993K, capacity 86172K, committed 86360K, reserved 1124352K
  class space    used 9507K, capacity 11340K, committed 11352K, reserved 1048576K
GC Heap History (10 events):
Event: 9114.197 GC heap before
{Heap before GC invocations=284 (full 136):
 PSYoungGen      total 105472K, used 103424K [0x00000000f5580000, 0x00000000fbe80000, 0x0000000100000000)
  eden space 103424K, 100% used [0x00000000f5580000,0x00000000fba80000,0x00000000fba80000)
  from space 2048K, 0% used [0x00000000fba80000,0x00000000fba80000,0x00000000fbc80000)
  to   space 2048K, 0% used [0x00000000fbc80000,0x00000000fbc80000,0x00000000fbe80000)
 ParOldGen       total 86016K, used 38635K [0x00000000e0000000, 0x00000000e5400000, 0x00000000f5580000)
  object space 86016K, 44% used [0x00000000e0000000,0x00000000e25baec0,0x00000000e5400000)
 Metaspace       used 79044K, capacity 85328K, committed 85592K, reserved 1124352K
  class space    used 9391K, capacity 11235K, committed 11352K, reserved 1048576K
Event: 9114.210 GC heap after
Heap after GC invocations=284 (full 136):
 PSYoungGen      total 101888K, used 2023K [0x00000000f5580000, 0x00000000fbe80000, 0x0000000100000000)
  eden space 99840K, 0% used [0x00000000f5580000,0x00000000f5580000,0x00000000fb700000)
  from space 2048K, 98% used [0x00000000fbc80000,0x00000000fbe79d00,0x00000000fbe80000)
  to   space 3584K, 0% used [0x00000000fb780000,0x00000000fb780000,0x00000000fbb00000)
 ParOldGen       total 86016K, used 41640K [0x00000000e0000000, 0x00000000e5400000, 0x00000000f5580000)
  object space 86016K, 48% used [0x00000000e0000000,0x00000000e28aa258,0x00000000e5400000)
 Metaspace       used 79044K, capacity 85328K, committed 85592K, reserved 1124352K
  class space    used 9391K, capacity 11235K, committed 11352K, reserved 1048576K
}
Event: 9177.813 GC heap before
{Heap before GC invocations=285 (full 136):
 PSYoungGen      total 101888K, used 6826K [0x00000000f5580000, 0x00000000fbe80000, 0x0000000100000000)
  eden space 99840K, 4% used [0x00000000f5580000,0x00000000f5a30b30,0x00000000fb700000)
  from space 2048K, 98% used [0x00000000fbc80000,0x00000000fbe79d00,0x00000000fbe80000)
  to   space 3584K, 0% used [0x00000000fb780000,0x00000000fb780000,0x00000000fbb00000)
 ParOldGen       total 86016K, used 41640K [0x00000000e0000000, 0x00000000e5400000, 0x00000000f5580000)
  object space 86016K, 48% used [0x00000000e0000000,0x00000000e28aa258,0x00000000e5400000)
 Metaspace       used 79067K, capacity 85348K, committed 85592K, reserved 1124352K
  class space    used 9395K, capacity 11240K, committed 11352K, reserved 1048576K
Event: 9177.817 GC heap after
Heap after GC invocations=285 (full 136):
 PSYoungGen      total 101376K, used 1239K [0x00000000f5580000, 0x00000000fbe00000, 0x0000000100000000)
  eden space 99840K, 0% used [0x00000000f5580000,0x00000000f5580000,0x00000000fb700000)
  from space 1536K, 80% used [0x00000000fb780000,0x00000000fb8b5cf0,0x00000000fb900000)
  to   space 3584K, 0% used [0x00000000fba80000,0x00000000fba80000,0x00000000fbe00000)
 ParOldGen       total 86016K, used 41640K [0x00000000e0000000, 0x00000000e5400000, 0x00000000f5580000)
  object space 86016K, 48% used [0x00000000e0000000,0x00000000e28aa258,0x00000000e5400000)
 Metaspace       used 79067K, capacity 85348K, committed 85592K, reserved 1124352K
  class space    used 9395K, capacity 11240K, committed 11352K, reserved 1048576K
}
Event: 9177.817 GC heap before
{Heap before GC invocations=286 (full 137):
 PSYoungGen      total 101376K, used 1239K [0x00000000f5580000, 0x00000000fbe00000, 0x0000000100000000)
  eden space 99840K, 0% used [0x00000000f5580000,0x00000000f5580000,0x00000000fb700000)
  from space 1536K, 80% used [0x00000000fb780000,0x00000000fb8b5cf0,0x00000000fb900000)
  to   space 3584K, 0% used [0x00000000fba80000,0x00000000fba80000,0x00000000fbe00000)
 ParOldGen       total 86016K, used 41640K [0x00000000e0000000, 0x00000000e5400000, 0x00000000f5580000)
  object space 86016K, 48% used [0x00000000e0000000,0x00000000e28aa258,0x00000000e5400000)
 Metaspace       used 79067K, capacity 85348K, committed 85592K, reserved 1124352K
  class space    used 9395K, capacity 11240K, committed 11352K, reserved 1048576K
Event: 9178.076 GC heap after
Heap after GC invocations=286 (full 137):
 PSYoungGen      total 101376K, used 0K [0x00000000f5580000, 0x00000000fbe00000, 0x0000000100000000)
  eden space 99840K, 0% used [0x00000000f5580000,0x00000000f5580000,0x00000000fb700000)
  from space 1536K, 0% used [0x00000000fb780000,0x00000000fb780000,0x00000000fb900000)
  to   space 3584K, 0% used [0x00000000fba80000,0x00000000fba80000,0x00000000fbe00000)
 ParOldGen       total 86016K, used 38066K [0x00000000e0000000, 0x00000000e5400000, 0x00000000f5580000)
  object space 86016K, 44% used [0x00000000e0000000,0x00000000e252cb58,0x00000000e5400000)
 Metaspace       used 79067K, capacity 85348K, committed 85592K, reserved 1124352K
  class space    used 9395K, capacity 11240K, committed 11352K, reserved 1048576K
}
Event: 9237.816 GC heap before
{Heap before GC invocations=287 (full 137):
 PSYoungGen      total 101376K, used 3267K [0x00000000f5580000, 0x00000000fbe00000, 0x0000000100000000)
  eden space 99840K, 3% used [0x00000000f5580000,0x00000000f58b0c78,0x00000000fb700000)
  from space 1536K, 0% used [0x00000000fb780000,0x00000000fb780000,0x00000000fb900000)
  to   space 3584K, 0% used [0x00000000fba80000,0x00000000fba80000,0x00000000fbe00000)
 ParOldGen       total 86016K, used 38066K [0x00000000e0000000, 0x00000000e5400000, 0x00000000f5580000)
  object space 86016K, 44% used [0x00000000e0000000,0x00000000e252cb58,0x00000000e5400000)
 Metaspace       used 79067K, capacity 85348K, committed 85592K, reserved 1124352K
  class space    used 9395K, capacity 11240K, committed 11352K, reserved 1048576K
Event: 9237.819 GC heap after
Heap after GC invocations=287 (full 137):
 PSYoungGen      total 102400K, used 192K [0x00000000f5580000, 0x00000000fbd00000, 0x0000000100000000)
  eden space 99840K, 0% used [0x00000000f5580000,0x00000000f5580000,0x00000000fb700000)
  from space 2560K, 7% used [0x00000000fba80000,0x00000000fbab0000,0x00000000fbd00000)
  to   space 3072K, 0% used [0x00000000fb700000,0x00000000fb700000,0x00000000fba00000)
 ParOldGen       total 86016K, used 38066K [0x00000000e0000000, 0x00000000e5400000, 0x00000000f5580000)
  object space 86016K, 44% used [0x00000000e0000000,0x00000000e252cb58,0x00000000e5400000)
 Metaspace       used 79067K, capacity 85348K, committed 85592K, reserved 1124352K
  class space    used 9395K, capacity 11240K, committed 11352K, reserved 1048576K
}
Event: 9237.819 GC heap before
{Heap before GC invocations=288 (full 138):
 PSYoungGen      total 102400K, used 192K [0x00000000f5580000, 0x00000000fbd00000, 0x0000000100000000)
  eden space 99840K, 0% used [0x00000000f5580000,0x00000000f5580000,0x00000000fb700000)
  from space 2560K, 7% used [0x00000000fba80000,0x00000000fbab0000,0x00000000fbd00000)
  to   space 3072K, 0% used [0x00000000fb700000,0x00000000fb700000,0x00000000fba00000)
 ParOldGen       total 86016K, used 38066K [0x00000000e0000000, 0x00000000e5400000, 0x00000000f5580000)
  object space 86016K, 44% used [0x00000000e0000000,0x00000000e252cb58,0x00000000e5400000)
 Metaspace       used 79067K, capacity 85348K, committed 85592K, reserved 1124352K
  class space    used 9395K, capacity 11240K, committed 11352K, reserved 1048576K
Event: 9238.046 GC heap after
Heap after GC invocations=288 (full 138):
 PSYoungGen      total 102400K, used 0K [0x00000000f5580000, 0x00000000fbd00000, 0x0000000100000000)
  eden space 99840K, 0% used [0x00000000f5580000,0x00000000f5580000,0x00000000fb700000)
  from space 2560K, 0% used [0x00000000fba80000,0x00000000fba80000,0x00000000fbd00000)
  to   space 3072K, 0% used [0x00000000fb700000,0x00000000fb700000,0x00000000fba00000)
 ParOldGen       total 86016K, used 37537K [0x00000000e0000000, 0x00000000e5400000, 0x00000000f5580000)
  object space 86016K, 43% used [0x00000000e0000000,0x00000000e24a8758,0x00000000e5400000)
 Metaspace       used 79067K, capacity 85348K, committed 85592K, reserved 1124352K
  class space    used 9395K, capacity 11240K, committed 11352K, reserved 1048576K
}

