# JRE version: Java(TM) SE Runtime Environment (8.0_25-b18) (build 1.8.0_25-b18)
# Java VM: Java HotSpot(TM) 64-Bit Server VM (25.25-b02 mixed mode windows-amd64 compressed oops)
Heap:
 PSYoungGen      total 89088K, used 67796K [0x00000000f5580000, 0x00000000fae00000, 0x0000000100000000)
  eden space 88576K, 76% used [0x00000000f5580000,0x00000000f97b5028,0x00000000fac00000)
  from space 512K, 0% used [0x00000000fac80000,0x00000000fac80000,0x00000000fad00000)
  to   space 1024K, 0% used [0x00000000fad00000,0x00000000fad00000,0x00000000fae00000)
 ParOldGen       total 77312K, used 36756K [0x00000000e0000000, 0x00000000e4b80000, 0x00000000f5580000)
  object space 77312K, 47% used [0x00000000e0000000,0x00000000e23e51d0,0x00000000e4b80000)
 Metaspace       used 78627K, capacity 84478K, committed 84736K, reserved 1122304K
  class space    used 9320K, capacity 11228K, committed 11264K, reserved 1048576K
GC Heap History (10 events):
Event: 92334.512 GC heap before
{Heap before GC invocations=1152 (full 571):
 PSYoungGen      total 89088K, used 192K [0x00000000f5580000, 0x00000000fad80000, 0x0000000100000000)
  eden space 88576K, 0% used [0x00000000f5580000,0x00000000f5580000,0x00000000fac00000)
  from space 512K, 37% used [0x00000000fac80000,0x00000000facb0000,0x00000000fad00000)
  to   space 512K, 0% used [0x00000000fad00000,0x00000000fad00000,0x00000000fad80000)
 ParOldGen       total 77312K, used 36787K [0x00000000e0000000, 0x00000000e4b80000, 0x00000000f5580000)
  object space 77312K, 47% used [0x00000000e0000000,0x00000000e23ece80,0x00000000e4b80000)
 Metaspace       used 77589K, capacity 83494K, committed 83584K, reserved 1122304K
  class space    used 9210K, capacity 11096K, committed 11136K, reserved 1048576K
Event: 92334.627 GC heap after
Heap after GC invocations=1152 (full 571):
 PSYoungGen      total 89088K, used 0K [0x00000000f5580000, 0x00000000fad80000, 0x0000000100000000)
  eden space 88576K, 0% used [0x00000000f5580000,0x00000000f5580000,0x00000000fac00000)
  from space 512K, 0% used [0x00000000fac80000,0x00000000fac80000,0x00000000fad00000)
  to   space 512K, 0% used [0x00000000fad00000,0x00000000fad00000,0x00000000fad80000)
 ParOldGen       total 77312K, used 36787K [0x00000000e0000000, 0x00000000e4b80000, 0x00000000f5580000)
  object space 77312K, 47% used [0x00000000e0000000,0x00000000e23ece80,0x00000000e4b80000)
 Metaspace       used 77589K, capacity 83494K, committed 83584K, reserved 1122304K
  class space    used 9210K, capacity 11096K, committed 11136K, reserved 1048576K
}
Event: 92394.518 GC heap before
{Heap before GC invocations=1153 (full 571):
 PSYoungGen      total 89088K, used 8194K [0x00000000f5580000, 0x00000000fad80000, 0x0000000100000000)
  eden space 88576K, 9% used [0x00000000f5580000,0x00000000f5d80958,0x00000000fac00000)
  from space 512K, 0% used [0x00000000fac80000,0x00000000fac80000,0x00000000fad00000)
  to   space 512K, 0% used [0x00000000fad00000,0x00000000fad00000,0x00000000fad80000)
 ParOldGen       total 77312K, used 36787K [0x00000000e0000000, 0x00000000e4b80000, 0x00000000f5580000)
  object space 77312K, 47% used [0x00000000e0000000,0x00000000e23ece80,0x00000000e4b80000)
 Metaspace       used 77589K, capacity 83494K, committed 83584K, reserved 1122304K
  class space    used 9210K, capacity 11096K, committed 11136K, reserved 1048576K
Event: 92394.523 GC heap after
Heap after GC invocations=1153 (full 571):
 PSYoungGen      total 89088K, used 448K [0x00000000f5580000, 0x00000000fad80000, 0x0000000100000000)
  eden space 88576K, 0% used [0x00000000f5580000,0x00000000f5580000,0x00000000fac00000)
  from space 512K, 87% used [0x00000000fad00000,0x00000000fad70000,0x00000000fad80000)
  to   space 512K, 0% used [0x00000000fac80000,0x00000000fac80000,0x00000000fad00000)
 ParOldGen       total 77312K, used 36787K [0x00000000e0000000, 0x00000000e4b80000, 0x00000000f5580000)
  object space 77312K, 47% used [0x00000000e0000000,0x00000000e23ece80,0x00000000e4b80000)
 Metaspace       used 77589K, capacity 83494K, committed 83584K, reserved 1122304K
  class space    used 9210K, capacity 11096K, committed 11136K, reserved 1048576K
}
Event: 92394.523 GC heap before
{Heap before GC invocations=1154 (full 572):
 PSYoungGen      total 89088K, used 448K [0x00000000f5580000, 0x00000000fad80000, 0x0000000100000000)
  eden space 88576K, 0% used [0x00000000f5580000,0x00000000f5580000,0x00000000fac00000)
  from space 512K, 87% used [0x00000000fad00000,0x00000000fad70000,0x00000000fad80000)
  to   space 512K, 0% used [0x00000000fac80000,0x00000000fac80000,0x00000000fad00000)
 ParOldGen       total 77312K, used 36787K [0x00000000e0000000, 0x00000000e4b80000, 0x00000000f5580000)
  object space 77312K, 47% used [0x00000000e0000000,0x00000000e23ece80,0x00000000e4b80000)
 Metaspace       used 77589K, capacity 83494K, committed 83584K, reserved 1122304K
  class space    used 9210K, capacity 11096K, committed 11136K, reserved 1048576K
Event: 92394.631 GC heap after
Heap after GC invocations=1154 (full 572):
 PSYoungGen      total 89088K, used 0K [0x00000000f5580000, 0x00000000fad80000, 0x0000000100000000)
  eden space 88576K, 0% used [0x00000000f5580000,0x00000000f5580000,0x00000000fac00000)
  from space 512K, 0% used [0x00000000fad00000,0x00000000fad00000,0x00000000fad80000)
  to   space 512K, 0% used [0x00000000fac80000,0x00000000fac80000,0x00000000fad00000)
 ParOldGen       total 77312K, used 36911K [0x00000000e0000000, 0x00000000e4b80000, 0x00000000f5580000)
  object space 77312K, 47% used [0x00000000e0000000,0x00000000e240bff0,0x00000000e4b80000)
 Metaspace       used 77589K, capacity 83494K, committed 83584K, reserved 1122304K
  class space    used 9210K, capacity 11096K, committed 11136K, reserved 1048576K
}
Event: 98394.689 GC heap before
{Heap before GC invocations=1155 (full 572):
 PSYoungGen      total 89088K, used 1572K [0x00000000f5580000, 0x00000000fad80000, 0x0000000100000000)
  eden space 88576K, 1% used [0x00000000f5580000,0x00000000f5709198,0x00000000fac00000)
  from space 512K, 0% used [0x00000000fad00000,0x00000000fad00000,0x00000000fad80000)
  to   space 512K, 0% used [0x00000000fac80000,0x00000000fac80000,0x00000000fad00000)
 ParOldGen       total 77312K, used 36911K [0x00000000e0000000, 0x00000000e4b80000, 0x00000000f5580000)
  object space 77312K, 47% used [0x00000000e0000000,0x00000000e240bff0,0x00000000e4b80000)
 Metaspace       used 77593K, capacity 83500K, committed 83584K, reserved 1122304K
  class space    used 9211K, capacity 11097K, committed 11136K, reserved 1048576K
Event: 98394.692 GC heap after
Heap after GC invocations=1155 (full 572):
 PSYoungGen      total 89088K, used 384K [0x00000000f5580000, 0x00000000fae00000, 0x0000000100000000)
  eden space 88576K, 0% used [0x00000000f5580000,0x00000000f5580000,0x00000000fac00000)
  from space 512K, 75% used [0x00000000fac80000,0x00000000face0000,0x00000000fad00000)
  to   space 1024K, 0% used [0x00000000fad00000,0x00000000fad00000,0x00000000fae00000)
 ParOldGen       total 77312K, used 36911K [0x00000000e0000000, 0x00000000e4b80000, 0x00000000f5580000)
  object space 77312K, 47% used [0x00000000e0000000,0x00000000e240bff0,0x00000000e4b80000)
 Metaspace       used 77593K, capacity 83500K, committed 83584K, reserved 1122304K
  class space    used 9211K, capacity 11097K, committed 11136K, reserved 1048576K
}
Event: 98394.692 GC heap before
{Heap before GC invocations=1156 (full 573):
 PSYoungGen      total 89088K, used 384K [0x00000000f5580000, 0x00000000fae00000, 0x0000000100000000)
  eden space 88576K, 0% used [0x00000000f5580000,0x00000000f5580000,0x00000000fac00000)
  from space 512K, 75% used [0x00000000fac80000,0x00000000face0000,0x00000000fad00000)
  to   space 1024K, 0% used [0x00000000fad00000,0x00000000fad00000,0x00000000fae00000)
 ParOldGen       total 77312K, used 36911K [0x00000000e0000000, 0x00000000e4b80000, 0x00000000f5580000)
  object space 77312K, 47% used [0x00000000e0000000,0x00000000e240bff0,0x00000000e4b80000)
 Metaspace       used 77593K, capacity 83500K, committed 83584K, reserved 1122304K
  class space    used 9211K, capacity 11097K, committed 11136K, reserved 1048576K
Event: 98394.844 GC heap after
Heap after GC invocations=1156 (full 573):
 PSYoungGen      total 89088K, used 0K [0x00000000f5580000, 0x00000000fae00000, 0x0000000100000000)
  eden space 88576K, 0% used [0x00000000f5580000,0x00000000f5580000,0x00000000fac00000)
  from space 512K, 0% used [0x00000000fac80000,0x00000000fac80000,0x00000000fad00000)
  to   space 1024K, 0% used [0x00000000fad00000,0x00000000fad00000,0x00000000fae00000)
 ParOldGen       total 77312K, used 36756K [0x00000000e0000000, 0x00000000e4b80000, 0x00000000f5580000)
  object space 77312K, 47% used [0x00000000e0000000,0x00000000e23e51d0,0x00000000e4b80000)
 Metaspace       used 77593K, capacity 83500K, committed 83584K, reserved 1122304K
  class space    used 9211K, capacity 11097K, committed 11136K, reserved 1048576K
}

