# JRE version: Java(TM) SE Runtime Environment (8.0_25-b18) (build 1.8.0_25-b18)
# Java VM: Java HotSpot(TM) 64-Bit Server VM (25.25-b02 mixed mode windows-amd64 compressed oops)
Heap:
 PSYoungGen      total 56832K, used 39790K [0x00000000f5580000, 0x00000000f9280000, 0x0000000100000000)
  eden space 54784K, 72% used [0x00000000f5580000,0x00000000f7c5b8d0,0x00000000f8b00000)
  from space 2048K, 0% used [0x00000000f9080000,0x00000000f9080000,0x00000000f9280000)
  to   space 3584K, 0% used [0x00000000f8b80000,0x00000000f8b80000,0x00000000f8f00000)
 ParOldGen       total 83456K, used 40342K [0x00000000e0000000, 0x00000000e5180000, 0x00000000f5580000)
  object space 83456K, 48% used [0x00000000e0000000,0x00000000e2765ab8,0x00000000e5180000)
 Metaspace       used 83473K, capacity 89506K, committed 89816K, reserved 1128448K
  class space    used 9664K, capacity 11665K, committed 11736K, reserved 1048576K
GC Heap History (10 events):
Event: 29854.857 GC heap before
{Heap before GC invocations=374 (full 167):
 PSYoungGen      total 60416K, used 60403K [0x00000000f5580000, 0x00000000f9580000, 0x0000000100000000)
  eden space 59392K, 100% used [0x00000000f5580000,0x00000000f8f80000,0x00000000f8f80000)
  from space 1024K, 98% used [0x00000000f9480000,0x00000000f957ce30,0x00000000f9580000)
  to   space 2560K, 0% used [0x00000000f9080000,0x00000000f9080000,0x00000000f9300000)
 ParOldGen       total 83456K, used 42014K [0x00000000e0000000, 0x00000000e5180000, 0x00000000f5580000)
  object space 83456K, 50% used [0x00000000e0000000,0x00000000e2907a00,0x00000000e5180000)
 Metaspace       used 82791K, capacity 88914K, committed 89176K, reserved 1126400K
  class space    used 9593K, capacity 11599K, committed 11608K, reserved 1048576K
Event: 29854.863 GC heap after
Heap after GC invocations=374 (full 167):
 PSYoungGen      total 60416K, used 2247K [0x00000000f5580000, 0x00000000f9500000, 0x0000000100000000)
  eden space 57856K, 0% used [0x00000000f5580000,0x00000000f5580000,0x00000000f8e00000)
  from space 2560K, 87% used [0x00000000f9080000,0x00000000f92b1c60,0x00000000f9300000)
  to   space 2048K, 0% used [0x00000000f9300000,0x00000000f9300000,0x00000000f9500000)
 ParOldGen       total 83456K, used 42014K [0x00000000e0000000, 0x00000000e5180000, 0x00000000f5580000)
  object space 83456K, 50% used [0x00000000e0000000,0x00000000e2907a00,0x00000000e5180000)
 Metaspace       used 82791K, capacity 88914K, committed 89176K, reserved 1126400K
  class space    used 9593K, capacity 11599K, committed 11608K, reserved 1048576K
}
Event: 30844.724 GC heap before
{Heap before GC invocations=375 (full 167):
 PSYoungGen      total 60416K, used 60103K [0x00000000f5580000, 0x00000000f9500000, 0x0000000100000000)
  eden space 57856K, 100% used [0x00000000f5580000,0x00000000f8e00000,0x00000000f8e00000)
  from space 2560K, 87% used [0x00000000f9080000,0x00000000f92b1c60,0x00000000f9300000)
  to   space 2048K, 0% used [0x00000000f9300000,0x00000000f9300000,0x00000000f9500000)
 ParOldGen       total 83456K, used 42014K [0x00000000e0000000, 0x00000000e5180000, 0x00000000f5580000)
  object space 83456K, 50% used [0x00000000e0000000,0x00000000e2907a00,0x00000000e5180000)
 Metaspace       used 82794K, capacity 88914K, committed 89176K, reserved 1126400K
  class space    used 9593K, capacity 11599K, committed 11608K, reserved 1048576K
Event: 30844.732 GC heap after
Heap after GC invocations=375 (full 167):
 PSYoungGen      total 58368K, used 2023K [0x00000000f5580000, 0x00000000f9500000, 0x0000000100000000)
  eden space 56320K, 0% used [0x00000000f5580000,0x00000000f5580000,0x00000000f8c80000)
  from space 2048K, 98% used [0x00000000f9300000,0x00000000f94f9c60,0x00000000f9500000)
  to   space 3584K, 0% used [0x00000000f8e00000,0x00000000f8e00000,0x00000000f9180000)
 ParOldGen       total 83456K, used 42182K [0x00000000e0000000, 0x00000000e5180000, 0x00000000f5580000)
  object space 83456K, 50% used [0x00000000e0000000,0x00000000e2931af0,0x00000000e5180000)
 Metaspace       used 82794K, capacity 88914K, committed 89176K, reserved 1126400K
  class space    used 9593K, capacity 11599K, committed 11608K, reserved 1048576K
}
Event: 31932.098 GC heap before
{Heap before GC invocations=376 (full 167):
 PSYoungGen      total 58368K, used 58343K [0x00000000f5580000, 0x00000000f9500000, 0x0000000100000000)
  eden space 56320K, 100% used [0x00000000f5580000,0x00000000f8c80000,0x00000000f8c80000)
  from space 2048K, 98% used [0x00000000f9300000,0x00000000f94f9c60,0x00000000f9500000)
  to   space 3584K, 0% used [0x00000000f8e00000,0x00000000f8e00000,0x00000000f9180000)
 ParOldGen       total 83456K, used 42182K [0x00000000e0000000, 0x00000000e5180000, 0x00000000f5580000)
  object space 83456K, 50% used [0x00000000e0000000,0x00000000e2931af0,0x00000000e5180000)
 Metaspace       used 82794K, capacity 88914K, committed 89176K, reserved 1126400K
  class space    used 9593K, capacity 11599K, committed 11608K, reserved 1048576K
Event: 31932.102 GC heap after
Heap after GC invocations=376 (full 167):
 PSYoungGen      total 57344K, used 2215K [0x00000000f5580000, 0x00000000f9380000, 0x0000000100000000)
  eden space 54784K, 0% used [0x00000000f5580000,0x00000000f5580000,0x00000000f8b00000)
  from space 2560K, 86% used [0x00000000f8e00000,0x00000000f9029c60,0x00000000f9080000)
  to   space 3072K, 0% used [0x00000000f9080000,0x00000000f9080000,0x00000000f9380000)
 ParOldGen       total 83456K, used 42182K [0x00000000e0000000, 0x00000000e5180000, 0x00000000f5580000)
  object space 83456K, 50% used [0x00000000e0000000,0x00000000e2931af0,0x00000000e5180000)
 Metaspace       used 82794K, capacity 88914K, committed 89176K, reserved 1126400K
  class space    used 9593K, capacity 11599K, committed 11608K, reserved 1048576K
}
Event: 41297.211 GC heap before
{Heap before GC invocations=377 (full 167):
 PSYoungGen      total 57344K, used 36621K [0x00000000f5580000, 0x00000000f9380000, 0x0000000100000000)
  eden space 54784K, 62% used [0x00000000f5580000,0x00000000f7719a00,0x00000000f8b00000)
  from space 2560K, 86% used [0x00000000f8e00000,0x00000000f9029c60,0x00000000f9080000)
  to   space 3072K, 0% used [0x00000000f9080000,0x00000000f9080000,0x00000000f9380000)
 ParOldGen       total 83456K, used 42182K [0x00000000e0000000, 0x00000000e5180000, 0x00000000f5580000)
  object space 83456K, 50% used [0x00000000e0000000,0x00000000e2931af0,0x00000000e5180000)
 Metaspace       used 82800K, capacity 88920K, committed 89176K, reserved 1126400K
  class space    used 9594K, capacity 11600K, committed 11608K, reserved 1048576K
Event: 41297.216 GC heap after
Heap after GC invocations=377 (full 167):
 PSYoungGen      total 56832K, used 2039K [0x00000000f5580000, 0x00000000f9280000, 0x0000000100000000)
  eden space 54784K, 0% used [0x00000000f5580000,0x00000000f5580000,0x00000000f8b00000)
  from space 2048K, 99% used [0x00000000f9080000,0x00000000f927dc70,0x00000000f9280000)
  to   space 3584K, 0% used [0x00000000f8b80000,0x00000000f8b80000,0x00000000f8f00000)
 ParOldGen       total 83456K, used 42182K [0x00000000e0000000, 0x00000000e5180000, 0x00000000f5580000)
  object space 83456K, 50% used [0x00000000e0000000,0x00000000e2931af0,0x00000000e5180000)
 Metaspace       used 82800K, capacity 88920K, committed 89176K, reserved 1126400K
  class space    used 9594K, capacity 11600K, committed 11608K, reserved 1048576K
}
Event: 41297.216 GC heap before
{Heap before GC invocations=378 (full 168):
 PSYoungGen      total 56832K, used 2039K [0x00000000f5580000, 0x00000000f9280000, 0x0000000100000000)
  eden space 54784K, 0% used [0x00000000f5580000,0x00000000f5580000,0x00000000f8b00000)
  from space 2048K, 99% used [0x00000000f9080000,0x00000000f927dc70,0x00000000f9280000)
  to   space 3584K, 0% used [0x00000000f8b80000,0x00000000f8b80000,0x00000000f8f00000)
 ParOldGen       total 83456K, used 42182K [0x00000000e0000000, 0x00000000e5180000, 0x00000000f5580000)
  object space 83456K, 50% used [0x00000000e0000000,0x00000000e2931af0,0x00000000e5180000)
 Metaspace       used 82800K, capacity 88920K, committed 89176K, reserved 1126400K
  class space    used 9594K, capacity 11600K, committed 11608K, reserved 1048576K
Event: 41298.195 GC heap after
Heap after GC invocations=378 (full 168):
 PSYoungGen      total 56832K, used 0K [0x00000000f5580000, 0x00000000f9280000, 0x0000000100000000)
  eden space 54784K, 0% used [0x00000000f5580000,0x00000000f5580000,0x00000000f8b00000)
  from space 2048K, 0% used [0x00000000f9080000,0x00000000f9080000,0x00000000f9280000)
  to   space 3584K, 0% used [0x00000000f8b80000,0x00000000f8b80000,0x00000000f8f00000)
 ParOldGen       total 83456K, used 40342K [0x00000000e0000000, 0x00000000e5180000, 0x00000000f5580000)
  object space 83456K, 48% used [0x00000000e0000000,0x00000000e2765ab8,0x00000000e5180000)
 Metaspace       used 82800K, capacity 88920K, committed 89176K, reserved 1126400K
  class space    used 9594K, capacity 11600K, committed 11608K, reserved 1048576K
}

