# JRE version: Java(TM) SE Runtime Environment (8.0_25-b18) (build 1.8.0_25-b18)
# Java VM: Java HotSpot(TM) 64-Bit Server VM (25.25-b02 mixed mode windows-amd64 compressed oops)
Heap:
 PSYoungGen      total 76288K, used 39830K [0x00000000f5580000, 0x00000000fbf80000, 0x0000000100000000)
  eden space 55296K, 37% used [0x00000000f5580000,0x00000000f69feeb8,0x00000000f8b80000)
  from space 20992K, 89% used [0x00000000f8b80000,0x00000000f9de6d00,0x00000000fa000000)
  to   space 23040K, 0% used [0x00000000fa900000,0x00000000fa900000,0x00000000fbf80000)
 ParOldGen       total 97792K, used 36166K [0x00000000e0000000, 0x00000000e5f80000, 0x00000000f5580000)
  object space 97792K, 36% used [0x00000000e0000000,0x00000000e2351bd8,0x00000000e5f80000)
 Metaspace       used 73646K, capacity 79196K, committed 79448K, reserved 1118208K
  class space    used 9158K, capacity 11073K, committed 11096K, reserved 1048576K
GC Heap History (10 events):
Event: 5.249 GC heap before
{Heap before GC invocations=14 (full 3):
 PSYoungGen      total 56832K, used 15846K [0x00000000f5580000, 0x00000000fa980000, 0x0000000100000000)
  eden space 40960K, 0% used [0x00000000f5580000,0x00000000f5580000,0x00000000f7d80000)
  from space 15872K, 99% used [0x00000000f7d80000,0x00000000f8cf9a68,0x00000000f8d00000)
  to   space 17920K, 0% used [0x00000000f9800000,0x00000000f9800000,0x00000000fa980000)
 ParOldGen       total 68608K, used 21929K [0x00000000e0000000, 0x00000000e4300000, 0x00000000f5580000)
  object space 68608K, 31% used [0x00000000e0000000,0x00000000e156a6b8,0x00000000e4300000)
 Metaspace       used 54848K, capacity 58972K, committed 59028K, reserved 1099776K
  class space    used 6782K, capacity 8115K, committed 8152K, reserved 1048576K
Event: 5.373 GC heap after
Heap after GC invocations=14 (full 3):
 PSYoungGen      total 56832K, used 0K [0x00000000f5580000, 0x00000000fa980000, 0x0000000100000000)
  eden space 40960K, 0% used [0x00000000f5580000,0x00000000f5580000,0x00000000f7d80000)
  from space 15872K, 0% used [0x00000000f7d80000,0x00000000f7d80000,0x00000000f8d00000)
  to   space 17920K, 0% used [0x00000000f9800000,0x00000000f9800000,0x00000000fa980000)
 ParOldGen       total 97792K, used 33681K [0x00000000e0000000, 0x00000000e5f80000, 0x00000000f5580000)
  object space 97792K, 34% used [0x00000000e0000000,0x00000000e20e47b0,0x00000000e5f80000)
 Metaspace       used 54848K, capacity 58972K, committed 59028K, reserved 1099776K
  class space    used 6782K, capacity 8115K, committed 8152K, reserved 1048576K
}
Event: 5.767 GC heap before
{Heap before GC invocations=15 (full 3):
 PSYoungGen      total 56832K, used 40960K [0x00000000f5580000, 0x00000000fa980000, 0x0000000100000000)
  eden space 40960K, 100% used [0x00000000f5580000,0x00000000f7d80000,0x00000000f7d80000)
  from space 15872K, 0% used [0x00000000f7d80000,0x00000000f7d80000,0x00000000f8d00000)
  to   space 17920K, 0% used [0x00000000f9800000,0x00000000f9800000,0x00000000fa980000)
 ParOldGen       total 97792K, used 33681K [0x00000000e0000000, 0x00000000e5f80000, 0x00000000f5580000)
  object space 97792K, 34% used [0x00000000e0000000,0x00000000e20e47b0,0x00000000e5f80000)
 Metaspace       used 58068K, capacity 62400K, committed 62680K, reserved 1103872K
  class space    used 7254K, capacity 8571K, committed 8664K, reserved 1048576K
Event: 5.778 GC heap after
Heap after GC invocations=15 (full 3):
 PSYoungGen      total 65024K, used 7007K [0x00000000f5580000, 0x00000000fa780000, 0x0000000100000000)
  eden space 49152K, 0% used [0x00000000f5580000,0x00000000f5580000,0x00000000f8580000)
  from space 15872K, 44% used [0x00000000f9800000,0x00000000f9ed7c88,0x00000000fa780000)
  to   space 17408K, 0% used [0x00000000f8580000,0x00000000f8580000,0x00000000f9680000)
 ParOldGen       total 97792K, used 33689K [0x00000000e0000000, 0x00000000e5f80000, 0x00000000f5580000)
  object space 97792K, 34% used [0x00000000e0000000,0x00000000e20e67b0,0x00000000e5f80000)
 Metaspace       used 58068K, capacity 62400K, committed 62680K, reserved 1103872K
  class space    used 7254K, capacity 8571K, committed 8664K, reserved 1048576K
}
Event: 6.510 GC heap before
{Heap before GC invocations=16 (full 3):
 PSYoungGen      total 65024K, used 56159K [0x00000000f5580000, 0x00000000fa780000, 0x0000000100000000)
  eden space 49152K, 100% used [0x00000000f5580000,0x00000000f8580000,0x00000000f8580000)
  from space 15872K, 44% used [0x00000000f9800000,0x00000000f9ed7c88,0x00000000fa780000)
  to   space 17408K, 0% used [0x00000000f8580000,0x00000000f8580000,0x00000000f9680000)
 ParOldGen       total 97792K, used 33689K [0x00000000e0000000, 0x00000000e5f80000, 0x00000000f5580000)
  object space 97792K, 34% used [0x00000000e0000000,0x00000000e20e67b0,0x00000000e5f80000)
 Metaspace       used 61111K, capacity 65682K, committed 65880K, reserved 1105920K
  class space    used 7627K, capacity 9032K, committed 9048K, reserved 1048576K
Event: 6.518 GC heap after
Heap after GC invocations=16 (full 3):
 PSYoungGen      total 66560K, used 11930K [0x00000000f5580000, 0x00000000fb180000, 0x0000000100000000)
  eden space 49152K, 0% used [0x00000000f5580000,0x00000000f5580000,0x00000000f8580000)
  from space 17408K, 68% used [0x00000000f8580000,0x00000000f9126b58,0x00000000f9680000)
  to   space 17920K, 0% used [0x00000000fa000000,0x00000000fa000000,0x00000000fb180000)
 ParOldGen       total 97792K, used 33697K [0x00000000e0000000, 0x00000000e5f80000, 0x00000000f5580000)
  object space 97792K, 34% used [0x00000000e0000000,0x00000000e20e87b0,0x00000000e5f80000)
 Metaspace       used 61111K, capacity 65682K, committed 65880K, reserved 1105920K
  class space    used 7627K, capacity 9032K, committed 9048K, reserved 1048576K
}
Event: 11.035 GC heap before
{Heap before GC invocations=17 (full 3):
 PSYoungGen      total 66560K, used 61082K [0x00000000f5580000, 0x00000000fb180000, 0x0000000100000000)
  eden space 49152K, 100% used [0x00000000f5580000,0x00000000f8580000,0x00000000f8580000)
  from space 17408K, 68% used [0x00000000f8580000,0x00000000f9126b58,0x00000000f9680000)
  to   space 17920K, 0% used [0x00000000fa000000,0x00000000fa000000,0x00000000fb180000)
 ParOldGen       total 97792K, used 33697K [0x00000000e0000000, 0x00000000e5f80000, 0x00000000f5580000)
  object space 97792K, 34% used [0x00000000e0000000,0x00000000e20e87b0,0x00000000e5f80000)
 Metaspace       used 68958K, capacity 74684K, committed 74968K, reserved 1114112K
  class space    used 8665K, capacity 10418K, committed 10456K, reserved 1048576K
Event: 11.051 GC heap after
Heap after GC invocations=17 (full 3):
 PSYoungGen      total 73216K, used 17905K [0x00000000f5580000, 0x00000000fb600000, 0x0000000100000000)
  eden space 55296K, 0% used [0x00000000f5580000,0x00000000f5580000,0x00000000f8b80000)
  from space 17920K, 99% used [0x00000000fa000000,0x00000000fb17c548,0x00000000fb180000)
  to   space 20992K, 0% used [0x00000000f8b80000,0x00000000f8b80000,0x00000000fa000000)
 ParOldGen       total 97792K, used 36158K [0x00000000e0000000, 0x00000000e5f80000, 0x00000000f5580000)
  object space 97792K, 36% used [0x00000000e0000000,0x00000000e234fbd8,0x00000000e5f80000)
 Metaspace       used 68958K, capacity 74684K, committed 74968K, reserved 1114112K
  class space    used 8665K, capacity 10418K, committed 10456K, reserved 1048576K
}
Event: 25.334 GC heap before
{Heap before GC invocations=18 (full 3):
 PSYoungGen      total 73216K, used 73201K [0x00000000f5580000, 0x00000000fb600000, 0x0000000100000000)
  eden space 55296K, 100% used [0x00000000f5580000,0x00000000f8b80000,0x00000000f8b80000)
  from space 17920K, 99% used [0x00000000fa000000,0x00000000fb17c548,0x00000000fb180000)
  to   space 20992K, 0% used [0x00000000f8b80000,0x00000000f8b80000,0x00000000fa000000)
 ParOldGen       total 97792K, used 36158K [0x00000000e0000000, 0x00000000e5f80000, 0x00000000f5580000)
  object space 97792K, 36% used [0x00000000e0000000,0x00000000e234fbd8,0x00000000e5f80000)
 Metaspace       used 72246K, capacity 78044K, committed 78296K, reserved 1116160K
  class space    used 9004K, capacity 10945K, committed 10968K, reserved 1048576K
Event: 25.347 GC heap after
Heap after GC invocations=18 (full 3):
 PSYoungGen      total 76288K, used 18843K [0x00000000f5580000, 0x00000000fbf80000, 0x0000000100000000)
  eden space 55296K, 0% used [0x00000000f5580000,0x00000000f5580000,0x00000000f8b80000)
  from space 20992K, 89% used [0x00000000f8b80000,0x00000000f9de6d00,0x00000000fa000000)
  to   space 23040K, 0% used [0x00000000fa900000,0x00000000fa900000,0x00000000fbf80000)
 ParOldGen       total 97792K, used 36166K [0x00000000e0000000, 0x00000000e5f80000, 0x00000000f5580000)
  object space 97792K, 36% used [0x00000000e0000000,0x00000000e2351bd8,0x00000000e5f80000)
 Metaspace       used 72246K, capacity 78044K, committed 78296K, reserved 1116160K
  class space    used 9004K, capacity 10945K, committed 10968K, reserved 1048576K
}

