# JRE version: Java(TM) SE Runtime Environment (8.0_25-b18) (build 1.8.0_25-b18)
# Java VM: Java HotSpot(TM) 64-Bit Server VM (25.25-b02 mixed mode windows-amd64 compressed oops)
Heap:
 PSYoungGen      total 88064K, used 54870K [0x00000000f5580000, 0x00000000fac80000, 0x0000000100000000)
  eden space 87040K, 63% used [0x00000000f5580000,0x00000000f8b15a68,0x00000000faa80000)
  from space 1024K, 0% used [0x00000000fab80000,0x00000000fab80000,0x00000000fac80000)
  to   space 1024K, 0% used [0x00000000faa80000,0x00000000faa80000,0x00000000fab80000)
 ParOldGen       total 81408K, used 31933K [0x00000000e0000000, 0x00000000e4f80000, 0x00000000f5580000)
  object space 81408K, 39% used [0x00000000e0000000,0x00000000e1f2f758,0x00000000e4f80000)
 Metaspace       used 77966K, capacity 84110K, committed 84312K, reserved 1122304K
  class space    used 9416K, capacity 11319K, committed 11352K, reserved 1048576K
GC Heap History (10 events):
Event: 12374.259 GC heap before
{Heap before GC invocations=310 (full 148):
 PSYoungGen      total 88064K, used 128K [0x00000000f5580000, 0x00000000fac80000, 0x0000000100000000)
  eden space 87040K, 0% used [0x00000000f5580000,0x00000000f5580000,0x00000000faa80000)
  from space 1024K, 12% used [0x00000000fab80000,0x00000000faba0000,0x00000000fac80000)
  to   space 1024K, 0% used [0x00000000faa80000,0x00000000faa80000,0x00000000fab80000)
 ParOldGen       total 81408K, used 32058K [0x00000000e0000000, 0x00000000e4f80000, 0x00000000f5580000)
  object space 81408K, 39% used [0x00000000e0000000,0x00000000e1f4e9a8,0x00000000e4f80000)
 Metaspace       used 76913K, capacity 82818K, committed 83160K, reserved 1122304K
  class space    used 9298K, capacity 11125K, committed 11224K, reserved 1048576K
Event: 12374.347 GC heap after
Heap after GC invocations=310 (full 148):
 PSYoungGen      total 88064K, used 0K [0x00000000f5580000, 0x00000000fac80000, 0x0000000100000000)
  eden space 87040K, 0% used [0x00000000f5580000,0x00000000f5580000,0x00000000faa80000)
  from space 1024K, 0% used [0x00000000fab80000,0x00000000fab80000,0x00000000fac80000)
  to   space 1024K, 0% used [0x00000000faa80000,0x00000000faa80000,0x00000000fab80000)
 ParOldGen       total 81408K, used 31933K [0x00000000e0000000, 0x00000000e4f80000, 0x00000000f5580000)
  object space 81408K, 39% used [0x00000000e0000000,0x00000000e1f2f758,0x00000000e4f80000)
 Metaspace       used 76913K, capacity 82818K, committed 83160K, reserved 1122304K
  class space    used 9298K, capacity 11125K, committed 11224K, reserved 1048576K
}
Event: 12434.278 GC heap before
{Heap before GC invocations=311 (full 148):
 PSYoungGen      total 88064K, used 3438K [0x00000000f5580000, 0x00000000fac80000, 0x0000000100000000)
  eden space 87040K, 3% used [0x00000000f5580000,0x00000000f58db8b0,0x00000000faa80000)
  from space 1024K, 0% used [0x00000000fab80000,0x00000000fab80000,0x00000000fac80000)
  to   space 1024K, 0% used [0x00000000faa80000,0x00000000faa80000,0x00000000fab80000)
 ParOldGen       total 81408K, used 31933K [0x00000000e0000000, 0x00000000e4f80000, 0x00000000f5580000)
  object space 81408K, 39% used [0x00000000e0000000,0x00000000e1f2f758,0x00000000e4f80000)
 Metaspace       used 76913K, capacity 82818K, committed 83160K, reserved 1122304K
  class space    used 9298K, capacity 11125K, committed 11224K, reserved 1048576K
Event: 12434.280 GC heap after
Heap after GC invocations=311 (full 148):
 PSYoungGen      total 88064K, used 160K [0x00000000f5580000, 0x00000000fac80000, 0x0000000100000000)
  eden space 87040K, 0% used [0x00000000f5580000,0x00000000f5580000,0x00000000faa80000)
  from space 1024K, 15% used [0x00000000faa80000,0x00000000faaa8000,0x00000000fab80000)
  to   space 1024K, 0% used [0x00000000fab80000,0x00000000fab80000,0x00000000fac80000)
 ParOldGen       total 81408K, used 31933K [0x00000000e0000000, 0x00000000e4f80000, 0x00000000f5580000)
  object space 81408K, 39% used [0x00000000e0000000,0x00000000e1f2f758,0x00000000e4f80000)
 Metaspace       used 76913K, capacity 82818K, committed 83160K, reserved 1122304K
  class space    used 9298K, capacity 11125K, committed 11224K, reserved 1048576K
}
Event: 12434.280 GC heap before
{Heap before GC invocations=312 (full 149):
 PSYoungGen      total 88064K, used 160K [0x00000000f5580000, 0x00000000fac80000, 0x0000000100000000)
  eden space 87040K, 0% used [0x00000000f5580000,0x00000000f5580000,0x00000000faa80000)
  from space 1024K, 15% used [0x00000000faa80000,0x00000000faaa8000,0x00000000fab80000)
  to   space 1024K, 0% used [0x00000000fab80000,0x00000000fab80000,0x00000000fac80000)
 ParOldGen       total 81408K, used 31933K [0x00000000e0000000, 0x00000000e4f80000, 0x00000000f5580000)
  object space 81408K, 39% used [0x00000000e0000000,0x00000000e1f2f758,0x00000000e4f80000)
 Metaspace       used 76913K, capacity 82818K, committed 83160K, reserved 1122304K
  class space    used 9298K, capacity 11125K, committed 11224K, reserved 1048576K
Event: 12434.363 GC heap after
Heap after GC invocations=312 (full 149):
 PSYoungGen      total 88064K, used 0K [0x00000000f5580000, 0x00000000fac80000, 0x0000000100000000)
  eden space 87040K, 0% used [0x00000000f5580000,0x00000000f5580000,0x00000000faa80000)
  from space 1024K, 0% used [0x00000000faa80000,0x00000000faa80000,0x00000000fab80000)
  to   space 1024K, 0% used [0x00000000fab80000,0x00000000fab80000,0x00000000fac80000)
 ParOldGen       total 81408K, used 31933K [0x00000000e0000000, 0x00000000e4f80000, 0x00000000f5580000)
  object space 81408K, 39% used [0x00000000e0000000,0x00000000e1f2f758,0x00000000e4f80000)
 Metaspace       used 76913K, capacity 82818K, committed 83160K, reserved 1122304K
  class space    used 9298K, capacity 11125K, committed 11224K, reserved 1048576K
}
Event: 12494.290 GC heap before
{Heap before GC invocations=313 (full 149):
 PSYoungGen      total 88064K, used 3467K [0x00000000f5580000, 0x00000000fac80000, 0x0000000100000000)
  eden space 87040K, 3% used [0x00000000f5580000,0x00000000f58e2df0,0x00000000faa80000)
  from space 1024K, 0% used [0x00000000faa80000,0x00000000faa80000,0x00000000fab80000)
  to   space 1024K, 0% used [0x00000000fab80000,0x00000000fab80000,0x00000000fac80000)
 ParOldGen       total 81408K, used 31933K [0x00000000e0000000, 0x00000000e4f80000, 0x00000000f5580000)
  object space 81408K, 39% used [0x00000000e0000000,0x00000000e1f2f758,0x00000000e4f80000)
 Metaspace       used 76913K, capacity 82818K, committed 83160K, reserved 1122304K
  class space    used 9298K, capacity 11125K, committed 11224K, reserved 1048576K
Event: 12494.292 GC heap after
Heap after GC invocations=313 (full 149):
 PSYoungGen      total 88064K, used 192K [0x00000000f5580000, 0x00000000fac80000, 0x0000000100000000)
  eden space 87040K, 0% used [0x00000000f5580000,0x00000000f5580000,0x00000000faa80000)
  from space 1024K, 18% used [0x00000000fab80000,0x00000000fabb0000,0x00000000fac80000)
  to   space 1024K, 0% used [0x00000000faa80000,0x00000000faa80000,0x00000000fab80000)
 ParOldGen       total 81408K, used 31933K [0x00000000e0000000, 0x00000000e4f80000, 0x00000000f5580000)
  object space 81408K, 39% used [0x00000000e0000000,0x00000000e1f2f758,0x00000000e4f80000)
 Metaspace       used 76913K, capacity 82818K, committed 83160K, reserved 1122304K
  class space    used 9298K, capacity 11125K, committed 11224K, reserved 1048576K
}
Event: 12494.292 GC heap before
{Heap before GC invocations=314 (full 150):
 PSYoungGen      total 88064K, used 192K [0x00000000f5580000, 0x00000000fac80000, 0x0000000100000000)
  eden space 87040K, 0% used [0x00000000f5580000,0x00000000f5580000,0x00000000faa80000)
  from space 1024K, 18% used [0x00000000fab80000,0x00000000fabb0000,0x00000000fac80000)
  to   space 1024K, 0% used [0x00000000faa80000,0x00000000faa80000,0x00000000fab80000)
 ParOldGen       total 81408K, used 31933K [0x00000000e0000000, 0x00000000e4f80000, 0x00000000f5580000)
  object space 81408K, 39% used [0x00000000e0000000,0x00000000e1f2f758,0x00000000e4f80000)
 Metaspace       used 76913K, capacity 82818K, committed 83160K, reserved 1122304K
  class space    used 9298K, capacity 11125K, committed 11224K, reserved 1048576K
Event: 12494.378 GC heap after
Heap after GC invocations=314 (full 150):
 PSYoungGen      total 88064K, used 0K [0x00000000f5580000, 0x00000000fac80000, 0x0000000100000000)
  eden space 87040K, 0% used [0x00000000f5580000,0x00000000f5580000,0x00000000faa80000)
  from space 1024K, 0% used [0x00000000fab80000,0x00000000fab80000,0x00000000fac80000)
  to   space 1024K, 0% used [0x00000000faa80000,0x00000000faa80000,0x00000000fab80000)
 ParOldGen       total 81408K, used 31933K [0x00000000e0000000, 0x00000000e4f80000, 0x00000000f5580000)
  object space 81408K, 39% used [0x00000000e0000000,0x00000000e1f2f758,0x00000000e4f80000)
 Metaspace       used 76913K, capacity 82818K, committed 83160K, reserved 1122304K
  class space    used 9298K, capacity 11125K, committed 11224K, reserved 1048576K
}

