# JRE version: Java(TM) SE Runtime Environment (8.0_25-b18) (build 1.8.0_25-b18)
# Java VM: Java HotSpot(TM) 64-Bit Server VM (25.25-b02 mixed mode windows-amd64 compressed oops)
Heap:
 PSYoungGen      total 48128K, used 39043K [0x00000000f5580000, 0x00000000f8e80000, 0x0000000100000000)
  eden space 43008K, 78% used [0x00000000f5580000,0x00000000f76ab318,0x00000000f7f80000)
  from space 5120K, 99% used [0x00000000f8080000,0x00000000f8575ab0,0x00000000f8580000)
  to   space 7680K, 0% used [0x00000000f8700000,0x00000000f8700000,0x00000000f8e80000)
 ParOldGen       total 79360K, used 36882K [0x00000000e0000000, 0x00000000e4d80000, 0x00000000f5580000)
  object space 79360K, 46% used [0x00000000e0000000,0x00000000e24049e8,0x00000000e4d80000)
 Metaspace       used 82092K, capacity 88214K, committed 88408K, reserved 1126400K
  class space    used 9622K, capacity 11545K, committed 11608K, reserved 1048576K
GC Heap History (10 events):
Event: 9592.588 GC heap before
{Heap before GC invocations=68 (full 15):
 PSYoungGen      total 55808K, used 51147K [0x00000000f5580000, 0x00000000f9580000, 0x0000000100000000)
  eden space 48128K, 100% used [0x00000000f5580000,0x00000000f8480000,0x00000000f8480000)
  from space 7680K, 39% used [0x00000000f8e00000,0x00000000f90f2ca8,0x00000000f9580000)
  to   space 8704K, 0% used [0x00000000f8480000,0x00000000f8480000,0x00000000f8d00000)
 ParOldGen       total 79360K, used 36461K [0x00000000e0000000, 0x00000000e4d80000, 0x00000000f5580000)
  object space 79360K, 45% used [0x00000000e0000000,0x00000000e239b7d8,0x00000000e4d80000)
 Metaspace       used 81096K, capacity 87138K, committed 87256K, reserved 1124352K
  class space    used 9528K, capacity 11443K, committed 11480K, reserved 1048576K
Event: 9592.592 GC heap after
Heap after GC invocations=68 (full 15):
 PSYoungGen      total 50688K, used 3435K [0x00000000f5580000, 0x00000000f9380000, 0x0000000100000000)
  eden space 47104K, 0% used [0x00000000f5580000,0x00000000f5580000,0x00000000f8380000)
  from space 3584K, 95% used [0x00000000f8480000,0x00000000f87daca8,0x00000000f8800000)
  to   space 8192K, 0% used [0x00000000f8b80000,0x00000000f8b80000,0x00000000f9380000)
 ParOldGen       total 79360K, used 36536K [0x00000000e0000000, 0x00000000e4d80000, 0x00000000f5580000)
  object space 79360K, 46% used [0x00000000e0000000,0x00000000e23ae0e8,0x00000000e4d80000)
 Metaspace       used 81096K, capacity 87138K, committed 87256K, reserved 1124352K
  class space    used 9528K, capacity 11443K, committed 11480K, reserved 1048576K
}
Event: 9988.671 GC heap before
{Heap before GC invocations=69 (full 15):
 PSYoungGen      total 50688K, used 50539K [0x00000000f5580000, 0x00000000f9380000, 0x0000000100000000)
  eden space 47104K, 100% used [0x00000000f5580000,0x00000000f8380000,0x00000000f8380000)
  from space 3584K, 95% used [0x00000000f8480000,0x00000000f87daca8,0x00000000f8800000)
  to   space 8192K, 0% used [0x00000000f8b80000,0x00000000f8b80000,0x00000000f9380000)
 ParOldGen       total 79360K, used 36536K [0x00000000e0000000, 0x00000000e4d80000, 0x00000000f5580000)
  object space 79360K, 46% used [0x00000000e0000000,0x00000000e23ae0e8,0x00000000e4d80000)
 Metaspace       used 81102K, capacity 87138K, committed 87256K, reserved 1124352K
  class space    used 9528K, capacity 11443K, committed 11480K, reserved 1048576K
Event: 9988.676 GC heap after
Heap after GC invocations=69 (full 15):
 PSYoungGen      total 53248K, used 3731K [0x00000000f5580000, 0x00000000f9280000, 0x0000000100000000)
  eden space 46080K, 0% used [0x00000000f5580000,0x00000000f5580000,0x00000000f8280000)
  from space 7168K, 52% used [0x00000000f8b80000,0x00000000f8f24df0,0x00000000f9280000)
  to   space 8192K, 0% used [0x00000000f8280000,0x00000000f8280000,0x00000000f8a80000)
 ParOldGen       total 79360K, used 36762K [0x00000000e0000000, 0x00000000e4d80000, 0x00000000f5580000)
  object space 79360K, 46% used [0x00000000e0000000,0x00000000e23e69e8,0x00000000e4d80000)
 Metaspace       used 81102K, capacity 87138K, committed 87256K, reserved 1124352K
  class space    used 9528K, capacity 11443K, committed 11480K, reserved 1048576K
}
Event: 10089.811 GC heap before
{Heap before GC invocations=70 (full 15):
 PSYoungGen      total 53248K, used 49811K [0x00000000f5580000, 0x00000000f9280000, 0x0000000100000000)
  eden space 46080K, 100% used [0x00000000f5580000,0x00000000f8280000,0x00000000f8280000)
  from space 7168K, 52% used [0x00000000f8b80000,0x00000000f8f24df0,0x00000000f9280000)
  to   space 8192K, 0% used [0x00000000f8280000,0x00000000f8280000,0x00000000f8a80000)
 ParOldGen       total 79360K, used 36762K [0x00000000e0000000, 0x00000000e4d80000, 0x00000000f5580000)
  object space 79360K, 46% used [0x00000000e0000000,0x00000000e23e69e8,0x00000000e4d80000)
 Metaspace       used 81364K, capacity 87594K, committed 87768K, reserved 1126400K
  class space    used 9539K, capacity 11447K, committed 11480K, reserved 1048576K
Event: 10089.815 GC heap after
Heap after GC invocations=70 (full 15):
 PSYoungGen      total 48640K, used 3208K [0x00000000f5580000, 0x00000000f9080000, 0x0000000100000000)
  eden space 45056K, 0% used [0x00000000f5580000,0x00000000f5580000,0x00000000f8180000)
  from space 3584K, 89% used [0x00000000f8280000,0x00000000f85a2148,0x00000000f8600000)
  to   space 7680K, 0% used [0x00000000f8900000,0x00000000f8900000,0x00000000f9080000)
 ParOldGen       total 79360K, used 36826K [0x00000000e0000000, 0x00000000e4d80000, 0x00000000f5580000)
  object space 79360K, 46% used [0x00000000e0000000,0x00000000e23f69e8,0x00000000e4d80000)
 Metaspace       used 81364K, capacity 87594K, committed 87768K, reserved 1126400K
  class space    used 9539K, capacity 11447K, committed 11480K, reserved 1048576K
}
Event: 10115.145 GC heap before
{Heap before GC invocations=71 (full 15):
 PSYoungGen      total 48640K, used 48264K [0x00000000f5580000, 0x00000000f9080000, 0x0000000100000000)
  eden space 45056K, 100% used [0x00000000f5580000,0x00000000f8180000,0x00000000f8180000)
  from space 3584K, 89% used [0x00000000f8280000,0x00000000f85a2148,0x00000000f8600000)
  to   space 7680K, 0% used [0x00000000f8900000,0x00000000f8900000,0x00000000f9080000)
 ParOldGen       total 79360K, used 36826K [0x00000000e0000000, 0x00000000e4d80000, 0x00000000f5580000)
  object space 79360K, 46% used [0x00000000e0000000,0x00000000e23f69e8,0x00000000e4d80000)
 Metaspace       used 81392K, capacity 87658K, committed 87768K, reserved 1126400K
  class space    used 9542K, capacity 11447K, committed 11480K, reserved 1048576K
Event: 10115.149 GC heap after
Heap after GC invocations=71 (full 15):
 PSYoungGen      total 50688K, used 4555K [0x00000000f5580000, 0x00000000f8f80000, 0x0000000100000000)
  eden space 44032K, 0% used [0x00000000f5580000,0x00000000f5580000,0x00000000f8080000)
  from space 6656K, 68% used [0x00000000f8900000,0x00000000f8d72d48,0x00000000f8f80000)
  to   space 7680K, 0% used [0x00000000f8080000,0x00000000f8080000,0x00000000f8800000)
 ParOldGen       total 79360K, used 36858K [0x00000000e0000000, 0x00000000e4d80000, 0x00000000f5580000)
  object space 79360K, 46% used [0x00000000e0000000,0x00000000e23fe9e8,0x00000000e4d80000)
 Metaspace       used 81392K, capacity 87658K, committed 87768K, reserved 1126400K
  class space    used 9542K, capacity 11447K, committed 11480K, reserved 1048576K
}
Event: 10513.476 GC heap before
{Heap before GC invocations=72 (full 15):
 PSYoungGen      total 50688K, used 48587K [0x00000000f5580000, 0x00000000f8f80000, 0x0000000100000000)
  eden space 44032K, 100% used [0x00000000f5580000,0x00000000f8080000,0x00000000f8080000)
  from space 6656K, 68% used [0x00000000f8900000,0x00000000f8d72d48,0x00000000f8f80000)
  to   space 7680K, 0% used [0x00000000f8080000,0x00000000f8080000,0x00000000f8800000)
 ParOldGen       total 79360K, used 36858K [0x00000000e0000000, 0x00000000e4d80000, 0x00000000f5580000)
  object space 79360K, 46% used [0x00000000e0000000,0x00000000e23fe9e8,0x00000000e4d80000)
 Metaspace       used 81435K, capacity 87754K, committed 87768K, reserved 1126400K
  class space    used 9549K, capacity 11479K, committed 11480K, reserved 1048576K
Event: 10513.481 GC heap after
Heap after GC invocations=72 (full 15):
 PSYoungGen      total 48128K, used 5078K [0x00000000f5580000, 0x00000000f8e80000, 0x0000000100000000)
  eden space 43008K, 0% used [0x00000000f5580000,0x00000000f5580000,0x00000000f7f80000)
  from space 5120K, 99% used [0x00000000f8080000,0x00000000f8575ab0,0x00000000f8580000)
  to   space 7680K, 0% used [0x00000000f8700000,0x00000000f8700000,0x00000000f8e80000)
 ParOldGen       total 79360K, used 36882K [0x00000000e0000000, 0x00000000e4d80000, 0x00000000f5580000)
  object space 79360K, 46% used [0x00000000e0000000,0x00000000e24049e8,0x00000000e4d80000)
 Metaspace       used 81435K, capacity 87754K, committed 87768K, reserved 1126400K
  class space    used 9549K, capacity 11479K, committed 11480K, reserved 1048576K
}

